2018.11.07 17:08:12.429 [http-nio-8080-exec-5] INFO [com.sakura.ofm.IpFilter$RequestIPFilter.doFilter:45] - 用户访问,IP :0:0:0:0:0:0:0:1;地址：/ofm/
2018.11.07 17:08:12.746 [http-nio-8080-exec-6] INFO [com.sakura.ofm.IpFilter$RequestIPFilter.doFilter:45] - 用户访问,IP :0:0:0:0:0:0:0:1;地址：/ofm/css/bootstrap.min.css
2018.11.07 17:08:12.752 [http-nio-8080-exec-4] INFO [com.sakura.ofm.IpFilter$RequestIPFilter.doFilter:45] - 用户访问,IP :0:0:0:0:0:0:0:1;地址：/ofm/css/bootstrap-theme.min.css
2018.11.07 17:08:13.427 [http-nio-8080-exec-8] INFO [com.sakura.ofm.IpFilter$RequestIPFilter.doFilter:45] - 用户访问,IP :0:0:0:0:0:0:0:1;地址：/ofm/css/fontAwesome.css
2018.11.07 17:08:13.455 [http-nio-8080-exec-1] INFO [com.sakura.ofm.IpFilter$RequestIPFilter.doFilter:45] - 用户访问,IP :0:0:0:0:0:0:0:1;地址：/ofm/css/light-box.css
2018.11.07 17:08:13.458 [http-nio-8080-exec-9] INFO [com.sakura.ofm.IpFilter$RequestIPFilter.doFilter:45] - 用户访问,IP :0:0:0:0:0:0:0:1;地址：/ofm/css/owl-carousel.css
2018.11.07 17:08:13.458 [http-nio-8080-exec-2] INFO [com.sakura.ofm.IpFilter$RequestIPFilter.doFilter:45] - 用户访问,IP :0:0:0:0:0:0:0:1;地址：/ofm/css/templatemo-style.css
2018.11.07 17:08:25.642 [http-nio-8080-exec-10] INFO [com.sakura.ofm.IpFilter$RequestIPFilter.doFilter:45] - 用户访问,IP :0:0:0:0:0:0:0:1;地址：/ofm/resume
2018.11.07 17:08:25.748 [http-nio-8080-exec-4] INFO [com.sakura.ofm.IpFilter$RequestIPFilter.doFilter:45] - 用户访问,IP :0:0:0:0:0:0:0:1;地址：/ofm/css/bootstrap.css
2018.11.07 17:08:25.751 [http-nio-8080-exec-2] INFO [com.sakura.ofm.IpFilter$RequestIPFilter.doFilter:45] - 用户访问,IP :0:0:0:0:0:0:0:1;地址：/ofm/css/dashboard.css
2018.11.07 17:08:25.758 [http-nio-8080-exec-1] INFO [com.sakura.ofm.IpFilter$RequestIPFilter.doFilter:45] - 用户访问,IP :0:0:0:0:0:0:0:1;地址：/ofm/css/popuo-box.css
2018.11.07 17:08:25.758 [http-nio-8080-exec-3] INFO [com.sakura.ofm.IpFilter$RequestIPFilter.doFilter:45] - 用户访问,IP :0:0:0:0:0:0:0:1;地址：/ofm/css/style.css
2018.11.07 17:15:05.736 [http-nio-8080-exec-4] INFO [com.sakura.ofm.IpFilter$RequestIPFilter.doFilter:45] - 用户访问,IP :0:0:0:0:0:0:0:1;地址：/ofm/login
2018.11.07 17:20:17.090 [http-nio-8080-exec-3] INFO [com.sakura.ofm.IpFilter$RequestIPFilter.doFilter:45] - 用户访问,IP :0:0:0:0:0:0:0:1;地址：/ofm/
2018.11.07 17:20:22.438 [http-nio-8080-exec-1] INFO [com.sakura.ofm.IpFilter$RequestIPFilter.doFilter:45] - 用户访问,IP :0:0:0:0:0:0:0:1;地址：/ofm/login
2018.11.07 17:20:29.045 [http-nio-8080-exec-4] INFO [com.sakura.ofm.IpFilter$RequestIPFilter.doFilter:45] - 用户访问,IP :0:0:0:0:0:0:0:1;地址：/ofm/user/login
2018.11.07 17:20:29.224 [http-nio-8080-exec-6] INFO [com.sakura.ofm.IpFilter$RequestIPFilter.doFilter:45] - 用户访问,IP :0:0:0:0:0:0:0:1;地址：/ofm/
2018.11.07 17:20:36.370 [http-nio-8080-exec-9] INFO [com.sakura.ofm.IpFilter$RequestIPFilter.doFilter:45] - 用户访问,IP :0:0:0:0:0:0:0:1;地址：/ofm/write
2018.11.07 17:30:27.096 [http-nio-8080-exec-8] INFO [com.sakura.ofm.IpFilter$RequestIPFilter.doFilter:45] - 用户访问,IP :0:0:0:0:0:0:0:1;地址：/ofm/
2018.11.07 17:30:49.430 [http-nio-8080-exec-6] INFO [com.sakura.ofm.IpFilter$RequestIPFilter.doFilter:45] - 用户访问,IP :0:0:0:0:0:0:0:1;地址：/ofm/
