2018.11.07 14:06:09.631 [restartedMain] INFO [org.springframework.boot.StartupInfoLogger.logStarting:50] - Starting OfmApplication on iotcomm-001-PC with PID 8692 (D:\WorkSpeace\gitSpeace\SpringBootStudy\target\classes started by iotcomm-001 in D:\WorkSpeace\gitSpeace\SpringBootStudy)
2018.11.07 14:06:09.637 [restartedMain] INFO [org.springframework.boot.SpringApplication.logStartupProfileInfo:654] - No active profile set, falling back to default profiles: default
2018.11.07 14:06:09.662 [restartedMain] INFO [org.springframework.context.support.AbstractApplicationContext.prepareRefresh:588] - Refreshing org.springframework.boot.web.servlet.context.AnnotationConfigServletWebServerApplicationContext@7753b486: startup date [Wed Nov 07 14:06:09 CST 2018]; root of context hierarchy
2018.11.07 14:06:10.409 [restartedMain] INFO [org.springframework.context.support.PostProcessorRegistrationDelegate$BeanPostProcessorChecker.postProcessAfterInitialization:326] - Bean 'org.springframework.transaction.annotation.ProxyTransactionManagementConfiguration' of type [org.springframework.transaction.annotation.ProxyTransactionManagementConfiguration$$EnhancerBySpringCGLIB$$11559b85] is not eligible for getting processed by all BeanPostProcessors (for example: not eligible for auto-proxying)
2018.11.07 14:06:10.705 [restartedMain] INFO [org.springframework.boot.web.embedded.tomcat.TomcatWebServer.initialize:91] - Tomcat initialized with port(s): 8080 (http)
2018.11.07 14:06:10.714 [restartedMain] INFO [org.apache.juli.logging.DirectJDKLog.log:180] - Initializing ProtocolHandler ["http-nio-8080"]
2018.11.07 14:06:10.722 [restartedMain] INFO [org.apache.juli.logging.DirectJDKLog.log:180] - Starting service [Tomcat]
2018.11.07 14:06:10.723 [restartedMain] INFO [org.apache.juli.logging.DirectJDKLog.log:180] - Starting Servlet Engine: Apache Tomcat/8.5.34
2018.11.07 14:06:10.725 [localhost-startStop-1] INFO [org.apache.juli.logging.DirectJDKLog.log:180] - The APR based Apache Tomcat Native library which allows optimal performance in production environments was not found on the java.library.path: [C:\Program Files\Java\jdk1.8.0_60\bin;C:\Windows\Sun\Java\bin;C:\Windows\system32;C:\Windows;C:\Program Files (x86)\Common Files\NetSarang;C:\Program Files\Java\jdk1.8.0_60\bin;C:\ProgramData\Oracle\Java\javapath;C:\Windows\system32;C:\Windows;C:\Windows\System32\Wbem;C:\Windows\System32\WindowsPowerShell\v1.0\;D:\install\VisualSVN Server\bin;D:\install\maven-3.3.9\bin;D:\install\TortoiseSVN\bin;E:\sonarqube\sonar-scanner-2.8\bin;D:\install\nexus-2.14\nexus-2.14.3-02\bin;%ERLANG_HOME%\bin;D:\install\RabbitMQ Server\rabbitmq_server-3.6.9\sbin;C:\Android;C:\Windows\System32;C:\Program Files\Git\cmd;C:\Users\iotcomm-001\AppData\Local\Programs\Python\Python37\Scripts\;C:\Users\iotcomm-001\AppData\Local\Programs\Python\Python37\;.]
2018.11.07 14:06:10.797 [localhost-startStop-1] INFO [org.apache.juli.logging.DirectJDKLog.log:180] - Initializing Spring embedded WebApplicationContext
2018.11.07 14:06:10.798 [localhost-startStop-1] INFO [org.springframework.boot.web.servlet.context.ServletWebServerApplicationContext.prepareWebApplicationContext:285] - Root WebApplicationContext: initialization completed in 1138 ms
2018.11.07 14:06:10.848 [localhost-startStop-1] INFO [org.springframework.boot.web.servlet.AbstractFilterRegistrationBean.configure:245] - Mapping filter: 'characterEncodingFilter' to: [/*]
2018.11.07 14:06:10.848 [localhost-startStop-1] INFO [org.springframework.boot.web.servlet.AbstractFilterRegistrationBean.configure:245] - Mapping filter: 'hiddenHttpMethodFilter' to: [/*]
2018.11.07 14:06:10.848 [localhost-startStop-1] INFO [org.springframework.boot.web.servlet.AbstractFilterRegistrationBean.configure:245] - Mapping filter: 'httpPutFormContentFilter' to: [/*]
2018.11.07 14:06:10.849 [localhost-startStop-1] INFO [org.springframework.boot.web.servlet.AbstractFilterRegistrationBean.configure:245] - Mapping filter: 'requestContextFilter' to: [/*]
2018.11.07 14:06:10.849 [localhost-startStop-1] INFO [org.springframework.boot.web.servlet.AbstractFilterRegistrationBean.configure:258] - Mapping filter: 'RequestIPFilter' to urls: [/*]
2018.11.07 14:06:10.849 [localhost-startStop-1] INFO [org.springframework.boot.web.servlet.AbstractFilterRegistrationBean.configure:245] - Mapping filter: 'remoteIpFilter' to: [/*]
2018.11.07 14:06:10.849 [localhost-startStop-1] INFO [org.springframework.boot.web.servlet.ServletRegistrationBean.addRegistration:187] - Servlet dispatcherServlet mapped to [/]
2018.11.07 14:06:11.030 [restartedMain] INFO [com.zaxxer.hikari.HikariDataSource.getConnection:110] - HikariPool-1 - Starting...
2018.11.07 14:06:11.364 [restartedMain] INFO [com.zaxxer.hikari.HikariDataSource.getConnection:123] - HikariPool-1 - Start completed.
2018.11.07 14:06:11.411 [restartedMain] INFO [org.springframework.orm.jpa.LocalContainerEntityManagerFactoryBean.createNativeEntityManagerFactory:361] - Building JPA container EntityManagerFactory for persistence unit 'default'
2018.11.07 14:06:11.455 [restartedMain] INFO [org.hibernate.Version.logVersion:45] - HHH000412: Hibernate Core {5.2.17.Final}
2018.11.07 14:06:11.456 [restartedMain] INFO [org.hibernate.cfg.Environment.<clinit>:213] - HHH000206: hibernate.properties not found
2018.11.07 14:06:11.478 [restartedMain] INFO [org.hibernate.annotations.common.reflection.java.JavaReflectionManager.<clinit>:66] - HCANN000001: Hibernate Commons Annotations {5.0.1.Final}
2018.11.07 14:06:11.546 [restartedMain] INFO [org.hibernate.dialect.Dialect.<init>:157] - HHH000400: Using dialect: org.hibernate.dialect.MySQL5InnoDBDialect
2018.11.07 14:06:11.898 [restartedMain] INFO [org.springframework.orm.jpa.AbstractEntityManagerFactoryBean.buildNativeEntityManagerFactory:415] - Initialized JPA EntityManagerFactory for persistence unit 'default'
2018.11.07 14:06:12.168 [restartedMain] INFO [org.springframework.web.servlet.handler.AbstractUrlHandlerMapping.registerHandler:373] - Mapped URL path [/**/favicon.ico] onto handler of type [class org.springframework.web.servlet.resource.ResourceHttpRequestHandler]
2018.11.07 14:06:12.320 [restartedMain] INFO [org.springframework.web.servlet.mvc.method.annotation.RequestMappingHandlerAdapter.initControllerAdviceCache:588] - Looking for @ControllerAdvice: org.springframework.boot.web.servlet.context.AnnotationConfigServletWebServerApplicationContext@7753b486: startup date [Wed Nov 07 14:06:09 CST 2018]; root of context hierarchy
2018.11.07 14:06:12.338 [restartedMain] WARN [org.springframework.boot.autoconfigure.orm.jpa.JpaBaseConfiguration$JpaWebConfiguration$JpaWebMvcConfiguration.openEntityManagerInViewInterceptor:237] - spring.jpa.open-in-view is enabled by default. Therefore, database queries may be performed during view rendering. Explicitly configure spring.jpa.open-in-view to disable this warning
2018.11.07 14:06:12.357 [restartedMain] INFO [org.springframework.web.servlet.handler.AbstractHandlerMethodMapping$MappingRegistry.register:549] - Mapped "{[/blog/article]}" onto public org.springframework.web.servlet.ModelAndView com.sakura.ofm.controller.BlogController.articleView(java.lang.String,java.lang.Long)
2018.11.07 14:06:12.357 [restartedMain] INFO [org.springframework.web.servlet.handler.AbstractHandlerMethodMapping$MappingRegistry.register:549] - Mapped "{[/blog/bloglist]}" onto public org.springframework.web.servlet.ModelAndView com.sakura.ofm.controller.BlogController.blogList(java.lang.String,int)
2018.11.07 14:06:12.358 [restartedMain] INFO [org.springframework.web.servlet.handler.AbstractHandlerMethodMapping$MappingRegistry.register:549] - Mapped "{[/blog/saveblog]}" onto public java.lang.Object com.sakura.ofm.controller.BlogController.saveBlog(java.lang.String,java.lang.String,java.lang.String)
2018.11.07 14:06:12.358 [restartedMain] INFO [org.springframework.web.servlet.handler.AbstractHandlerMethodMapping$MappingRegistry.register:549] - Mapped "{[/]}" onto public org.springframework.web.servlet.ModelAndView com.sakura.ofm.controller.DefaultController.index(java.lang.String)
2018.11.07 14:06:12.358 [restartedMain] INFO [org.springframework.web.servlet.handler.AbstractHandlerMethodMapping$MappingRegistry.register:549] - Mapped "{[/write]}" onto public org.springframework.web.servlet.ModelAndView com.sakura.ofm.controller.DefaultController.write(java.lang.String)
2018.11.07 14:06:12.359 [restartedMain] INFO [org.springframework.web.servlet.handler.AbstractHandlerMethodMapping$MappingRegistry.register:549] - Mapped "{[/resume]}" onto public org.springframework.web.servlet.ModelAndView com.sakura.ofm.controller.DefaultController.resume(java.lang.String)
2018.11.07 14:06:12.359 [restartedMain] INFO [org.springframework.web.servlet.handler.AbstractHandlerMethodMapping$MappingRegistry.register:549] - Mapped "{[/login]}" onto public org.springframework.web.servlet.ModelAndView com.sakura.ofm.controller.DefaultController.login(java.lang.String)
2018.11.07 14:06:12.361 [restartedMain] INFO [org.springframework.web.servlet.handler.AbstractHandlerMethodMapping$MappingRegistry.register:549] - Mapped "{[/hello]}" onto public java.lang.String com.sakura.ofm.controller.HelloWorldController.index()
2018.11.07 14:06:12.362 [restartedMain] INFO [org.springframework.web.servlet.handler.AbstractHandlerMethodMapping$MappingRegistry.register:549] - Mapped "{[/cn],methods=[GET]}" onto public java.lang.String com.sakura.ofm.controller.HelloWorldController.cn(java.lang.String)
2018.11.07 14:06:12.362 [restartedMain] INFO [org.springframework.web.servlet.handler.AbstractHandlerMethodMapping$MappingRegistry.register:549] - Mapped "{[/upload],methods=[POST]}" onto public java.lang.String com.sakura.ofm.controller.HelloWorldController.upload(org.springframework.web.multipart.MultipartFile,javax.servlet.http.HttpServletRequest)
2018.11.07 14:06:12.362 [restartedMain] INFO [org.springframework.web.servlet.handler.AbstractHandlerMethodMapping$MappingRegistry.register:549] - Mapped "{[/sakura]}" onto public java.lang.String com.sakura.ofm.controller.HelloWorldController.sakura()
2018.11.07 14:06:12.363 [restartedMain] INFO [org.springframework.web.servlet.handler.AbstractHandlerMethodMapping$MappingRegistry.register:549] - Mapped "{[/user/login]}" onto public java.lang.String com.sakura.ofm.controller.UserController.login(java.lang.String,java.lang.String,java.lang.String,javax.servlet.http.HttpServletResponse)
2018.11.07 14:06:12.365 [restartedMain] INFO [org.springframework.web.servlet.handler.AbstractHandlerMethodMapping$MappingRegistry.register:549] - Mapped "{[/error]}" onto public org.springframework.http.ResponseEntity<java.util.Map<java.lang.String, java.lang.Object>> org.springframework.boot.autoconfigure.web.servlet.error.BasicErrorController.error(javax.servlet.http.HttpServletRequest)
2018.11.07 14:06:12.366 [restartedMain] INFO [org.springframework.web.servlet.handler.AbstractHandlerMethodMapping$MappingRegistry.register:549] - Mapped "{[/error],produces=[text/html]}" onto public org.springframework.web.servlet.ModelAndView org.springframework.boot.autoconfigure.web.servlet.error.BasicErrorController.errorHtml(javax.servlet.http.HttpServletRequest,javax.servlet.http.HttpServletResponse)
2018.11.07 14:06:12.384 [restartedMain] INFO [org.springframework.web.servlet.handler.AbstractUrlHandlerMapping.registerHandler:373] - Mapped URL path [/webjars/**] onto handler of type [class org.springframework.web.servlet.resource.ResourceHttpRequestHandler]
2018.11.07 14:06:12.384 [restartedMain] INFO [org.springframework.web.servlet.handler.AbstractUrlHandlerMapping.registerHandler:373] - Mapped URL path [/**] onto handler of type [class org.springframework.web.servlet.resource.ResourceHttpRequestHandler]
2018.11.07 14:06:12.423 [restartedMain] WARN [org.thymeleaf.templatemode.TemplateMode.parse:150] - [THYMELEAF][restartedMain] Template Mode 'HTML5' is deprecated. Using Template Mode 'HTML' instead.
2018.11.07 14:06:12.454 [restartedMain] INFO [org.springframework.boot.autoconfigure.web.servlet.WelcomePageHandlerMapping.<init>:61] - Adding welcome page template: index
2018.11.07 14:06:12.586 [restartedMain] INFO [org.springframework.boot.devtools.autoconfigure.OptionalLiveReloadServer.startServer:57] - LiveReload server is running on port 35729
2018.11.07 14:06:12.607 [restartedMain] INFO [org.springframework.jmx.export.MBeanExporter.afterSingletonsInstantiated:433] - Registering beans for JMX exposure on startup
2018.11.07 14:06:12.608 [restartedMain] INFO [org.springframework.jmx.export.MBeanExporter.autodetect:895] - Bean with name 'dataSource' has been autodetected for JMX exposure
2018.11.07 14:06:12.611 [restartedMain] INFO [org.springframework.jmx.export.MBeanExporter.registerBeanInstance:668] - Located MBean 'dataSource': registering with JMX server as MBean [com.zaxxer.hikari:name=dataSource,type=HikariDataSource]
2018.11.07 14:06:12.623 [restartedMain] INFO [org.apache.juli.logging.DirectJDKLog.log:180] - Starting ProtocolHandler ["http-nio-8080"]
2018.11.07 14:06:12.629 [restartedMain] INFO [org.apache.juli.logging.DirectJDKLog.log:180] - Using a shared selector for servlet write/read
2018.11.07 14:06:12.638 [restartedMain] INFO [org.springframework.boot.web.embedded.tomcat.TomcatWebServer.start:206] - Tomcat started on port(s): 8080 (http) with context path '/ofm'
2018.11.07 14:06:12.640 [restartedMain] INFO [org.springframework.boot.StartupInfoLogger.logStarted:59] - Started OfmApplication in 3.169 seconds (JVM running for 3.864)
2018.11.07 14:06:21.804 [http-nio-8080-exec-1] INFO [org.apache.juli.logging.DirectJDKLog.log:180] - Initializing Spring FrameworkServlet 'dispatcherServlet'
2018.11.07 14:06:21.804 [http-nio-8080-exec-1] INFO [org.springframework.web.servlet.FrameworkServlet.initServletBean:494] - FrameworkServlet 'dispatcherServlet': initialization started
2018.11.07 14:06:21.815 [http-nio-8080-exec-1] INFO [org.springframework.web.servlet.FrameworkServlet.initServletBean:509] - FrameworkServlet 'dispatcherServlet': initialization completed in 11 ms
2018.11.07 14:06:21.820 [http-nio-8080-exec-1] INFO [com.sakura.ofm.IpFilter$RequestIPFilter.doFilter:45] - 用户访问,IP :0:0:0:0:0:0:0:1;地址：/ofm/
2018.11.07 14:06:22.023 [http-nio-8080-exec-1] INFO [org.hibernate.hql.internal.QueryTranslatorFactoryInitiator.initiateService:47] - HHH000397: Using ASTQueryTranslatorFactory
2018.11.07 14:06:28.663 [http-nio-8080-exec-3] INFO [com.sakura.ofm.IpFilter$RequestIPFilter.doFilter:45] - 用户访问,IP :0:0:0:0:0:0:0:1;地址：/ofm/write
2018.11.07 14:06:28.681 [http-nio-8080-exec-5] INFO [com.sakura.ofm.IpFilter$RequestIPFilter.doFilter:45] - 用户访问,IP :0:0:0:0:0:0:0:1;地址：/ofm/
2018.11.07 14:06:32.791 [http-nio-8080-exec-7] INFO [com.sakura.ofm.IpFilter$RequestIPFilter.doFilter:45] - 用户访问,IP :0:0:0:0:0:0:0:1;地址：/ofm/login
2018.11.07 14:06:38.852 [http-nio-8080-exec-8] INFO [com.sakura.ofm.IpFilter$RequestIPFilter.doFilter:45] - 用户访问,IP :0:0:0:0:0:0:0:1;地址：/ofm/user/login
2018.11.07 14:06:39.386 [http-nio-8080-exec-9] INFO [com.sakura.ofm.IpFilter$RequestIPFilter.doFilter:45] - 用户访问,IP :0:0:0:0:0:0:0:1;地址：/ofm/
2018.11.07 14:06:44.833 [http-nio-8080-exec-2] INFO [com.sakura.ofm.IpFilter$RequestIPFilter.doFilter:45] - 用户访问,IP :0:0:0:0:0:0:0:1;地址：/ofm/write
2018.11.07 14:11:29.528 [http-nio-8080-exec-5] INFO [com.sakura.ofm.IpFilter$RequestIPFilter.doFilter:45] - 用户访问,IP :0:0:0:0:0:0:0:1;地址：/ofm/write
2018.11.07 14:12:05.423 [http-nio-8080-exec-8] INFO [com.sakura.ofm.IpFilter$RequestIPFilter.doFilter:45] - 用户访问,IP :0:0:0:0:0:0:0:1;地址：/ofm/write
2018.11.07 14:12:15.086 [http-nio-8080-exec-2] INFO [com.sakura.ofm.IpFilter$RequestIPFilter.doFilter:45] - 用户访问,IP :0:0:0:0:0:0:0:1;地址：/ofm/write
2018.11.07 14:12:16.237 [http-nio-8080-exec-1] INFO [com.sakura.ofm.IpFilter$RequestIPFilter.doFilter:45] - 用户访问,IP :0:0:0:0:0:0:0:1;地址：/ofm/write
2018.11.07 14:12:17.004 [http-nio-8080-exec-3] INFO [com.sakura.ofm.IpFilter$RequestIPFilter.doFilter:45] - 用户访问,IP :0:0:0:0:0:0:0:1;地址：/ofm/write
2018.11.07 14:12:54.896 [http-nio-8080-exec-6] INFO [com.sakura.ofm.IpFilter$RequestIPFilter.doFilter:45] - 用户访问,IP :0:0:0:0:0:0:0:1;地址：/ofm/write
2018.11.07 14:15:45.302 [http-nio-8080-exec-10] INFO [com.sakura.ofm.IpFilter$RequestIPFilter.doFilter:45] - 用户访问,IP :0:0:0:0:0:0:0:1;地址：/ofm/blog/saveblog
2018.11.07 14:15:45.611 [http-nio-8080-exec-2] INFO [com.sakura.ofm.IpFilter$RequestIPFilter.doFilter:45] - 用户访问,IP :0:0:0:0:0:0:0:1;地址：/ofm/
2018.11.07 14:15:47.317 [http-nio-8080-exec-1] INFO [com.sakura.ofm.IpFilter$RequestIPFilter.doFilter:45] - 用户访问,IP :0:0:0:0:0:0:0:1;地址：/ofm/blog/article
2018.11.07 14:16:22.432 [http-nio-8080-exec-5] INFO [com.sakura.ofm.IpFilter$RequestIPFilter.doFilter:45] - 用户访问,IP :0:0:0:0:0:0:0:1;地址：/ofm/write
