2018.11.02 19:02:36.340 [http-nio-8080-exec-5] INFO [com.sakura.ofm.IpFilter$RequestIPFilter.doFilter:45] - 用户访问,IP :0:0:0:0:0:0:0:1;地址：/ofm/
2018.11.02 19:02:37.550 [Thread-64] INFO [org.springframework.context.support.AbstractApplicationContext.doClose:991] - Closing org.springframework.boot.web.servlet.context.AnnotationConfigServletWebServerApplicationContext@2bb1df7e: startup date [Fri Nov 02 18:59:11 CST 2018]; root of context hierarchy
2018.11.02 19:02:37.554 [Thread-64] INFO [org.springframework.jmx.export.MBeanExporter.destroy:451] - Unregistering JMX-exposed beans on shutdown
2018.11.02 19:02:37.610 [Thread-64] INFO [org.springframework.jmx.support.MBeanRegistrationSupport.unregisterBeans:185] - Unregistering JMX-exposed beans
2018.11.02 19:02:37.610 [Thread-64] INFO [org.springframework.orm.jpa.AbstractEntityManagerFactoryBean.destroy:597] - Closing JPA EntityManagerFactory for persistence unit 'default'
2018.11.02 19:02:37.611 [Thread-64] INFO [com.zaxxer.hikari.HikariDataSource.close:381] - HikariPool-7 - Shutdown initiated...
2018.11.02 19:02:37.621 [Thread-64] INFO [com.zaxxer.hikari.HikariDataSource.close:383] - HikariPool-7 - Shutdown completed.
2018.11.02 19:02:37.896 [restartedMain] INFO [org.springframework.boot.StartupInfoLogger.logStarting:50] - Starting OfmApplication on iotcomm-001-PC with PID 9540 (D:\WorkSpeace\gitSpeace\SpringBootStudy\target\classes started by iotcomm-001 in D:\WorkSpeace\gitSpeace\SpringBootStudy)
2018.11.02 19:02:37.896 [restartedMain] INFO [org.springframework.boot.SpringApplication.logStartupProfileInfo:654] - No active profile set, falling back to default profiles: default
2018.11.02 19:02:37.897 [restartedMain] INFO [org.springframework.context.support.AbstractApplicationContext.prepareRefresh:588] - Refreshing org.springframework.boot.web.servlet.context.AnnotationConfigServletWebServerApplicationContext@63bd2c00: startup date [Fri Nov 02 19:02:37 CST 2018]; root of context hierarchy
2018.11.02 19:02:38.095 [restartedMain] INFO [org.springframework.context.support.PostProcessorRegistrationDelegate$BeanPostProcessorChecker.postProcessAfterInitialization:326] - Bean 'org.springframework.transaction.annotation.ProxyTransactionManagementConfiguration' of type [org.springframework.transaction.annotation.ProxyTransactionManagementConfiguration$$EnhancerBySpringCGLIB$$9ce2532d] is not eligible for getting processed by all BeanPostProcessors (for example: not eligible for auto-proxying)
2018.11.02 19:02:38.151 [restartedMain] INFO [org.springframework.boot.web.embedded.tomcat.TomcatWebServer.initialize:91] - Tomcat initialized with port(s): 8080 (http)
2018.11.02 19:02:38.151 [restartedMain] INFO [org.apache.juli.logging.DirectJDKLog.log:180] - Initializing ProtocolHandler ["http-nio-8080"]
2018.11.02 19:02:38.151 [restartedMain] INFO [org.apache.juli.logging.DirectJDKLog.log:180] - Starting service [Tomcat]
2018.11.02 19:02:38.151 [restartedMain] INFO [org.apache.juli.logging.DirectJDKLog.log:180] - Starting Servlet Engine: Apache Tomcat/8.5.34
2018.11.02 19:02:38.160 [localhost-startStop-1] INFO [org.apache.juli.logging.DirectJDKLog.log:180] - Initializing Spring embedded WebApplicationContext
2018.11.02 19:02:38.160 [localhost-startStop-1] INFO [org.springframework.boot.web.servlet.context.ServletWebServerApplicationContext.prepareWebApplicationContext:285] - Root WebApplicationContext: initialization completed in 263 ms
2018.11.02 19:02:38.178 [localhost-startStop-1] INFO [org.springframework.boot.web.servlet.AbstractFilterRegistrationBean.configure:245] - Mapping filter: 'characterEncodingFilter' to: [/*]
2018.11.02 19:02:38.179 [localhost-startStop-1] INFO [org.springframework.boot.web.servlet.AbstractFilterRegistrationBean.configure:245] - Mapping filter: 'hiddenHttpMethodFilter' to: [/*]
2018.11.02 19:02:38.179 [localhost-startStop-1] INFO [org.springframework.boot.web.servlet.AbstractFilterRegistrationBean.configure:245] - Mapping filter: 'httpPutFormContentFilter' to: [/*]
2018.11.02 19:02:38.179 [localhost-startStop-1] INFO [org.springframework.boot.web.servlet.AbstractFilterRegistrationBean.configure:245] - Mapping filter: 'requestContextFilter' to: [/*]
2018.11.02 19:02:38.179 [localhost-startStop-1] INFO [org.springframework.boot.web.servlet.AbstractFilterRegistrationBean.configure:258] - Mapping filter: 'RequestIPFilter' to urls: [/*]
2018.11.02 19:02:38.179 [localhost-startStop-1] INFO [org.springframework.boot.web.servlet.AbstractFilterRegistrationBean.configure:245] - Mapping filter: 'remoteIpFilter' to: [/*]
2018.11.02 19:02:38.179 [localhost-startStop-1] INFO [org.springframework.boot.web.servlet.ServletRegistrationBean.addRegistration:187] - Servlet dispatcherServlet mapped to [/]
2018.11.02 19:02:38.207 [restartedMain] INFO [com.zaxxer.hikari.HikariDataSource.getConnection:110] - HikariPool-8 - Starting...
2018.11.02 19:02:38.396 [restartedMain] INFO [com.zaxxer.hikari.HikariDataSource.getConnection:123] - HikariPool-8 - Start completed.
2018.11.02 19:02:38.403 [restartedMain] INFO [org.springframework.orm.jpa.LocalContainerEntityManagerFactoryBean.createNativeEntityManagerFactory:361] - Building JPA container EntityManagerFactory for persistence unit 'default'
2018.11.02 19:02:38.415 [restartedMain] INFO [org.hibernate.dialect.Dialect.<init>:157] - HHH000400: Using dialect: org.hibernate.dialect.MySQL5InnoDBDialect
2018.11.02 19:02:38.506 [restartedMain] INFO [org.springframework.orm.jpa.AbstractEntityManagerFactoryBean.buildNativeEntityManagerFactory:415] - Initialized JPA EntityManagerFactory for persistence unit 'default'
2018.11.02 19:02:38.590 [restartedMain] INFO [org.springframework.web.servlet.handler.AbstractUrlHandlerMapping.registerHandler:373] - Mapped URL path [/**/favicon.ico] onto handler of type [class org.springframework.web.servlet.resource.ResourceHttpRequestHandler]
2018.11.02 19:02:38.626 [restartedMain] INFO [org.springframework.web.servlet.mvc.method.annotation.RequestMappingHandlerAdapter.initControllerAdviceCache:588] - Looking for @ControllerAdvice: org.springframework.boot.web.servlet.context.AnnotationConfigServletWebServerApplicationContext@63bd2c00: startup date [Fri Nov 02 19:02:37 CST 2018]; root of context hierarchy
2018.11.02 19:02:38.630 [restartedMain] WARN [org.springframework.boot.autoconfigure.orm.jpa.JpaBaseConfiguration$JpaWebConfiguration$JpaWebMvcConfiguration.openEntityManagerInViewInterceptor:237] - spring.jpa.open-in-view is enabled by default. Therefore, database queries may be performed during view rendering. Explicitly configure spring.jpa.open-in-view to disable this warning
2018.11.02 19:02:38.633 [restartedMain] INFO [org.springframework.web.servlet.handler.AbstractHandlerMethodMapping$MappingRegistry.register:549] - Mapped "{[/blog/article]}" onto public org.springframework.web.servlet.ModelAndView com.sakura.ofm.controller.BlogController.articleView(java.lang.String,java.lang.Long)
2018.11.02 19:02:38.634 [restartedMain] INFO [org.springframework.web.servlet.handler.AbstractHandlerMethodMapping$MappingRegistry.register:549] - Mapped "{[/blog/bloglist]}" onto public org.springframework.web.servlet.ModelAndView com.sakura.ofm.controller.BlogController.blogList(java.lang.String,int)
2018.11.02 19:02:38.634 [restartedMain] INFO [org.springframework.web.servlet.handler.AbstractHandlerMethodMapping$MappingRegistry.register:549] - Mapped "{[/blog/saveblog]}" onto public java.lang.Object com.sakura.ofm.controller.BlogController.saveBlog(java.lang.String,java.lang.String,java.lang.String)
2018.11.02 19:02:38.634 [restartedMain] INFO [org.springframework.web.servlet.handler.AbstractHandlerMethodMapping$MappingRegistry.register:549] - Mapped "{[/]}" onto public org.springframework.web.servlet.ModelAndView com.sakura.ofm.controller.DefaultController.index(java.lang.String)
2018.11.02 19:02:38.634 [restartedMain] INFO [org.springframework.web.servlet.handler.AbstractHandlerMethodMapping$MappingRegistry.register:549] - Mapped "{[/write]}" onto public org.springframework.web.servlet.ModelAndView com.sakura.ofm.controller.DefaultController.write(java.lang.String)
2018.11.02 19:02:38.634 [restartedMain] INFO [org.springframework.web.servlet.handler.AbstractHandlerMethodMapping$MappingRegistry.register:549] - Mapped "{[/login]}" onto public org.springframework.web.servlet.ModelAndView com.sakura.ofm.controller.DefaultController.login(java.lang.String)
2018.11.02 19:02:38.635 [restartedMain] INFO [org.springframework.web.servlet.handler.AbstractHandlerMethodMapping$MappingRegistry.register:549] - Mapped "{[/hello]}" onto public java.lang.String com.sakura.ofm.controller.HelloWorldController.index()
2018.11.02 19:02:38.635 [restartedMain] INFO [org.springframework.web.servlet.handler.AbstractHandlerMethodMapping$MappingRegistry.register:549] - Mapped "{[/cn],methods=[GET]}" onto public java.lang.String com.sakura.ofm.controller.HelloWorldController.cn(java.lang.String)
2018.11.02 19:02:38.635 [restartedMain] INFO [org.springframework.web.servlet.handler.AbstractHandlerMethodMapping$MappingRegistry.register:549] - Mapped "{[/upload],methods=[POST]}" onto public java.lang.String com.sakura.ofm.controller.HelloWorldController.upload(org.springframework.web.multipart.MultipartFile,javax.servlet.http.HttpServletRequest)
2018.11.02 19:02:38.636 [restartedMain] INFO [org.springframework.web.servlet.handler.AbstractHandlerMethodMapping$MappingRegistry.register:549] - Mapped "{[/sakura]}" onto public java.lang.String com.sakura.ofm.controller.HelloWorldController.sakura()
2018.11.02 19:02:38.636 [restartedMain] INFO [org.springframework.web.servlet.handler.AbstractHandlerMethodMapping$MappingRegistry.register:549] - Mapped "{[/user/login]}" onto public java.lang.String com.sakura.ofm.controller.UserController.login(java.lang.String,java.lang.String,java.lang.String,javax.servlet.http.HttpServletResponse)
2018.11.02 19:02:38.637 [restartedMain] INFO [org.springframework.web.servlet.handler.AbstractHandlerMethodMapping$MappingRegistry.register:549] - Mapped "{[/error]}" onto public org.springframework.http.ResponseEntity<java.util.Map<java.lang.String, java.lang.Object>> org.springframework.boot.autoconfigure.web.servlet.error.BasicErrorController.error(javax.servlet.http.HttpServletRequest)
2018.11.02 19:02:38.638 [restartedMain] INFO [org.springframework.web.servlet.handler.AbstractHandlerMethodMapping$MappingRegistry.register:549] - Mapped "{[/error],produces=[text/html]}" onto public org.springframework.web.servlet.ModelAndView org.springframework.boot.autoconfigure.web.servlet.error.BasicErrorController.errorHtml(javax.servlet.http.HttpServletRequest,javax.servlet.http.HttpServletResponse)
2018.11.02 19:02:38.645 [restartedMain] INFO [org.springframework.web.servlet.handler.AbstractUrlHandlerMapping.registerHandler:373] - Mapped URL path [/webjars/**] onto handler of type [class org.springframework.web.servlet.resource.ResourceHttpRequestHandler]
2018.11.02 19:02:38.645 [restartedMain] INFO [org.springframework.web.servlet.handler.AbstractUrlHandlerMapping.registerHandler:373] - Mapped URL path [/**] onto handler of type [class org.springframework.web.servlet.resource.ResourceHttpRequestHandler]
2018.11.02 19:02:38.657 [restartedMain] WARN [org.thymeleaf.templatemode.TemplateMode.parse:150] - [THYMELEAF][restartedMain] Template Mode 'HTML5' is deprecated. Using Template Mode 'HTML' instead.
2018.11.02 19:02:38.662 [restartedMain] INFO [org.springframework.boot.autoconfigure.web.servlet.WelcomePageHandlerMapping.<init>:61] - Adding welcome page template: index
2018.11.02 19:02:38.693 [restartedMain] INFO [org.springframework.boot.devtools.autoconfigure.OptionalLiveReloadServer.startServer:57] - LiveReload server is running on port 35729
2018.11.02 19:02:38.707 [restartedMain] INFO [org.springframework.jmx.export.MBeanExporter.afterSingletonsInstantiated:433] - Registering beans for JMX exposure on startup
2018.11.02 19:02:38.707 [restartedMain] INFO [org.springframework.jmx.export.MBeanExporter.autodetect:895] - Bean with name 'dataSource' has been autodetected for JMX exposure
2018.11.02 19:02:38.709 [restartedMain] INFO [org.springframework.jmx.export.MBeanExporter.registerBeanInstance:668] - Located MBean 'dataSource': registering with JMX server as MBean [com.zaxxer.hikari:name=dataSource,type=HikariDataSource]
2018.11.02 19:02:38.715 [restartedMain] INFO [org.apache.juli.logging.DirectJDKLog.log:180] - Starting ProtocolHandler ["http-nio-8080"]
2018.11.02 19:02:38.715 [restartedMain] INFO [org.apache.juli.logging.DirectJDKLog.log:180] - Using a shared selector for servlet write/read
2018.11.02 19:02:38.718 [restartedMain] INFO [org.springframework.boot.web.embedded.tomcat.TomcatWebServer.start:206] - Tomcat started on port(s): 8080 (http) with context path '/ofm'
2018.11.02 19:02:38.719 [restartedMain] INFO [org.springframework.boot.StartupInfoLogger.logStarted:59] - Started OfmApplication in 0.845 seconds (JVM running for 1588.53)
2018.11.02 19:02:38.721 [restartedMain] INFO [org.springframework.boot.devtools.autoconfigure.ConditionEvaluationDeltaLoggingListener.onApplicationEvent:56] - Condition evaluation unchanged
2018.11.02 19:03:24.923 [http-nio-8080-exec-1] INFO [org.apache.juli.logging.DirectJDKLog.log:180] - Initializing Spring FrameworkServlet 'dispatcherServlet'
2018.11.02 19:03:24.923 [http-nio-8080-exec-1] INFO [org.springframework.web.servlet.FrameworkServlet.initServletBean:494] - FrameworkServlet 'dispatcherServlet': initialization started
2018.11.02 19:03:24.926 [http-nio-8080-exec-1] INFO [org.springframework.web.servlet.FrameworkServlet.initServletBean:509] - FrameworkServlet 'dispatcherServlet': initialization completed in 3 ms
2018.11.02 19:03:24.926 [http-nio-8080-exec-1] INFO [com.sakura.ofm.IpFilter$RequestIPFilter.doFilter:45] - 用户访问,IP :0:0:0:0:0:0:0:1;地址：/ofm/
2018.11.02 19:03:25.022 [http-nio-8080-exec-1] INFO [org.hibernate.hql.internal.QueryTranslatorFactoryInitiator.initiateService:47] - HHH000397: Using ASTQueryTranslatorFactory
2018.11.02 19:03:46.393 [http-nio-8080-exec-4] INFO [com.sakura.ofm.IpFilter$RequestIPFilter.doFilter:45] - 用户访问,IP :0:0:0:0:0:0:0:1;地址：/ofm/
2018.11.02 19:05:46.006 [http-nio-8080-exec-9] INFO [com.sakura.ofm.IpFilter$RequestIPFilter.doFilter:45] - 用户访问,IP :0:0:0:0:0:0:0:1;地址：/ofm/
2018.11.02 19:05:52.648 [http-nio-8080-exec-3] INFO [com.sakura.ofm.IpFilter$RequestIPFilter.doFilter:45] - 用户访问,IP :0:0:0:0:0:0:0:1;地址：/ofm/
2018.11.02 19:05:55.836 [http-nio-8080-exec-2] INFO [com.sakura.ofm.IpFilter$RequestIPFilter.doFilter:45] - 用户访问,IP :0:0:0:0:0:0:0:1;地址：/ofm/
2018.11.02 19:09:12.365 [Thread-70] INFO [org.springframework.context.support.AbstractApplicationContext.doClose:991] - Closing org.springframework.boot.web.servlet.context.AnnotationConfigServletWebServerApplicationContext@63bd2c00: startup date [Fri Nov 02 19:02:37 CST 2018]; root of context hierarchy
2018.11.02 19:09:12.411 [Thread-70] INFO [org.springframework.jmx.export.MBeanExporter.destroy:451] - Unregistering JMX-exposed beans on shutdown
2018.11.02 19:09:12.411 [Thread-70] INFO [org.springframework.jmx.support.MBeanRegistrationSupport.unregisterBeans:185] - Unregistering JMX-exposed beans
2018.11.02 19:09:12.412 [Thread-70] INFO [org.springframework.orm.jpa.AbstractEntityManagerFactoryBean.destroy:597] - Closing JPA EntityManagerFactory for persistence unit 'default'
2018.11.02 19:09:12.412 [Thread-70] INFO [com.zaxxer.hikari.HikariDataSource.close:381] - HikariPool-8 - Shutdown initiated...
2018.11.02 19:09:12.427 [Thread-70] INFO [com.zaxxer.hikari.HikariDataSource.close:383] - HikariPool-8 - Shutdown completed.
2018.11.02 19:09:13.077 [restartedMain] INFO [org.springframework.boot.StartupInfoLogger.logStarting:50] - Starting OfmApplication on iotcomm-001-PC with PID 9540 (D:\WorkSpeace\gitSpeace\SpringBootStudy\target\classes started by iotcomm-001 in D:\WorkSpeace\gitSpeace\SpringBootStudy)
2018.11.02 19:09:13.078 [restartedMain] INFO [org.springframework.boot.SpringApplication.logStartupProfileInfo:654] - No active profile set, falling back to default profiles: default
2018.11.02 19:09:13.081 [restartedMain] INFO [org.springframework.context.support.AbstractApplicationContext.prepareRefresh:588] - Refreshing org.springframework.boot.web.servlet.context.AnnotationConfigServletWebServerApplicationContext@798759e5: startup date [Fri Nov 02 19:09:13 CST 2018]; root of context hierarchy
2018.11.02 19:09:13.441 [restartedMain] INFO [org.springframework.context.support.PostProcessorRegistrationDelegate$BeanPostProcessorChecker.postProcessAfterInitialization:326] - Bean 'org.springframework.transaction.annotation.ProxyTransactionManagementConfiguration' of type [org.springframework.transaction.annotation.ProxyTransactionManagementConfiguration$$EnhancerBySpringCGLIB$$9ce2532d] is not eligible for getting processed by all BeanPostProcessors (for example: not eligible for auto-proxying)
2018.11.02 19:09:13.606 [restartedMain] INFO [org.springframework.boot.web.embedded.tomcat.TomcatWebServer.initialize:91] - Tomcat initialized with port(s): 8080 (http)
2018.11.02 19:09:13.607 [restartedMain] INFO [org.apache.juli.logging.DirectJDKLog.log:180] - Initializing ProtocolHandler ["http-nio-8080"]
2018.11.02 19:09:13.607 [restartedMain] INFO [org.apache.juli.logging.DirectJDKLog.log:180] - Starting service [Tomcat]
2018.11.02 19:09:13.607 [restartedMain] INFO [org.apache.juli.logging.DirectJDKLog.log:180] - Starting Servlet Engine: Apache Tomcat/8.5.34
2018.11.02 19:09:13.626 [localhost-startStop-1] INFO [org.apache.juli.logging.DirectJDKLog.log:180] - Initializing Spring embedded WebApplicationContext
2018.11.02 19:09:13.626 [localhost-startStop-1] INFO [org.springframework.boot.web.servlet.context.ServletWebServerApplicationContext.prepareWebApplicationContext:285] - Root WebApplicationContext: initialization completed in 545 ms
2018.11.02 19:09:13.641 [localhost-startStop-1] INFO [org.springframework.boot.web.servlet.AbstractFilterRegistrationBean.configure:245] - Mapping filter: 'characterEncodingFilter' to: [/*]
2018.11.02 19:09:13.641 [localhost-startStop-1] INFO [org.springframework.boot.web.servlet.AbstractFilterRegistrationBean.configure:245] - Mapping filter: 'hiddenHttpMethodFilter' to: [/*]
2018.11.02 19:09:13.641 [localhost-startStop-1] INFO [org.springframework.boot.web.servlet.AbstractFilterRegistrationBean.configure:245] - Mapping filter: 'httpPutFormContentFilter' to: [/*]
2018.11.02 19:09:13.641 [localhost-startStop-1] INFO [org.springframework.boot.web.servlet.AbstractFilterRegistrationBean.configure:245] - Mapping filter: 'requestContextFilter' to: [/*]
2018.11.02 19:09:13.641 [localhost-startStop-1] INFO [org.springframework.boot.web.servlet.AbstractFilterRegistrationBean.configure:258] - Mapping filter: 'RequestIPFilter' to urls: [/*]
2018.11.02 19:09:13.641 [localhost-startStop-1] INFO [org.springframework.boot.web.servlet.AbstractFilterRegistrationBean.configure:245] - Mapping filter: 'remoteIpFilter' to: [/*]
2018.11.02 19:09:13.641 [localhost-startStop-1] INFO [org.springframework.boot.web.servlet.ServletRegistrationBean.addRegistration:187] - Servlet dispatcherServlet mapped to [/]
2018.11.02 19:09:13.740 [restartedMain] INFO [com.zaxxer.hikari.HikariDataSource.getConnection:110] - HikariPool-9 - Starting...
2018.11.02 19:09:14.030 [restartedMain] INFO [com.zaxxer.hikari.HikariDataSource.getConnection:123] - HikariPool-9 - Start completed.
2018.11.02 19:09:14.035 [restartedMain] INFO [org.springframework.orm.jpa.LocalContainerEntityManagerFactoryBean.createNativeEntityManagerFactory:361] - Building JPA container EntityManagerFactory for persistence unit 'default'
2018.11.02 19:09:14.042 [restartedMain] INFO [org.hibernate.dialect.Dialect.<init>:157] - HHH000400: Using dialect: org.hibernate.dialect.MySQL5InnoDBDialect
2018.11.02 19:09:14.189 [restartedMain] INFO [org.springframework.orm.jpa.AbstractEntityManagerFactoryBean.buildNativeEntityManagerFactory:415] - Initialized JPA EntityManagerFactory for persistence unit 'default'
2018.11.02 19:09:14.250 [restartedMain] INFO [org.springframework.web.servlet.handler.AbstractUrlHandlerMapping.registerHandler:373] - Mapped URL path [/**/favicon.ico] onto handler of type [class org.springframework.web.servlet.resource.ResourceHttpRequestHandler]
2018.11.02 19:09:14.297 [restartedMain] INFO [org.springframework.web.servlet.mvc.method.annotation.RequestMappingHandlerAdapter.initControllerAdviceCache:588] - Looking for @ControllerAdvice: org.springframework.boot.web.servlet.context.AnnotationConfigServletWebServerApplicationContext@798759e5: startup date [Fri Nov 02 19:09:13 CST 2018]; root of context hierarchy
2018.11.02 19:09:14.307 [restartedMain] WARN [org.springframework.boot.autoconfigure.orm.jpa.JpaBaseConfiguration$JpaWebConfiguration$JpaWebMvcConfiguration.openEntityManagerInViewInterceptor:237] - spring.jpa.open-in-view is enabled by default. Therefore, database queries may be performed during view rendering. Explicitly configure spring.jpa.open-in-view to disable this warning
2018.11.02 19:09:14.310 [restartedMain] INFO [org.springframework.web.servlet.handler.AbstractHandlerMethodMapping$MappingRegistry.register:549] - Mapped "{[/blog/article]}" onto public org.springframework.web.servlet.ModelAndView com.sakura.ofm.controller.BlogController.articleView(java.lang.String,java.lang.Long)
2018.11.02 19:09:14.311 [restartedMain] INFO [org.springframework.web.servlet.handler.AbstractHandlerMethodMapping$MappingRegistry.register:549] - Mapped "{[/blog/bloglist]}" onto public org.springframework.web.servlet.ModelAndView com.sakura.ofm.controller.BlogController.blogList(java.lang.String,int)
2018.11.02 19:09:14.311 [restartedMain] INFO [org.springframework.web.servlet.handler.AbstractHandlerMethodMapping$MappingRegistry.register:549] - Mapped "{[/blog/saveblog]}" onto public java.lang.Object com.sakura.ofm.controller.BlogController.saveBlog(java.lang.String,java.lang.String,java.lang.String)
2018.11.02 19:09:14.312 [restartedMain] INFO [org.springframework.web.servlet.handler.AbstractHandlerMethodMapping$MappingRegistry.register:549] - Mapped "{[/]}" onto public org.springframework.web.servlet.ModelAndView com.sakura.ofm.controller.DefaultController.index(java.lang.String)
2018.11.02 19:09:14.312 [restartedMain] INFO [org.springframework.web.servlet.handler.AbstractHandlerMethodMapping$MappingRegistry.register:549] - Mapped "{[/write]}" onto public org.springframework.web.servlet.ModelAndView com.sakura.ofm.controller.DefaultController.write(java.lang.String)
2018.11.02 19:09:14.312 [restartedMain] INFO [org.springframework.web.servlet.handler.AbstractHandlerMethodMapping$MappingRegistry.register:549] - Mapped "{[/login]}" onto public org.springframework.web.servlet.ModelAndView com.sakura.ofm.controller.DefaultController.login(java.lang.String)
2018.11.02 19:09:14.313 [restartedMain] INFO [org.springframework.web.servlet.handler.AbstractHandlerMethodMapping$MappingRegistry.register:549] - Mapped "{[/hello]}" onto public java.lang.String com.sakura.ofm.controller.HelloWorldController.index()
2018.11.02 19:09:14.313 [restartedMain] INFO [org.springframework.web.servlet.handler.AbstractHandlerMethodMapping$MappingRegistry.register:549] - Mapped "{[/cn],methods=[GET]}" onto public java.lang.String com.sakura.ofm.controller.HelloWorldController.cn(java.lang.String)
2018.11.02 19:09:14.313 [restartedMain] INFO [org.springframework.web.servlet.handler.AbstractHandlerMethodMapping$MappingRegistry.register:549] - Mapped "{[/upload],methods=[POST]}" onto public java.lang.String com.sakura.ofm.controller.HelloWorldController.upload(org.springframework.web.multipart.MultipartFile,javax.servlet.http.HttpServletRequest)
2018.11.02 19:09:14.313 [restartedMain] INFO [org.springframework.web.servlet.handler.AbstractHandlerMethodMapping$MappingRegistry.register:549] - Mapped "{[/sakura]}" onto public java.lang.String com.sakura.ofm.controller.HelloWorldController.sakura()
2018.11.02 19:09:14.313 [restartedMain] INFO [org.springframework.web.servlet.handler.AbstractHandlerMethodMapping$MappingRegistry.register:549] - Mapped "{[/user/login]}" onto public java.lang.String com.sakura.ofm.controller.UserController.login(java.lang.String,java.lang.String,java.lang.String,javax.servlet.http.HttpServletResponse)
2018.11.02 19:09:14.314 [restartedMain] INFO [org.springframework.web.servlet.handler.AbstractHandlerMethodMapping$MappingRegistry.register:549] - Mapped "{[/error]}" onto public org.springframework.http.ResponseEntity<java.util.Map<java.lang.String, java.lang.Object>> org.springframework.boot.autoconfigure.web.servlet.error.BasicErrorController.error(javax.servlet.http.HttpServletRequest)
2018.11.02 19:09:14.315 [restartedMain] INFO [org.springframework.web.servlet.handler.AbstractHandlerMethodMapping$MappingRegistry.register:549] - Mapped "{[/error],produces=[text/html]}" onto public org.springframework.web.servlet.ModelAndView org.springframework.boot.autoconfigure.web.servlet.error.BasicErrorController.errorHtml(javax.servlet.http.HttpServletRequest,javax.servlet.http.HttpServletResponse)
2018.11.02 19:09:14.324 [restartedMain] INFO [org.springframework.web.servlet.handler.AbstractUrlHandlerMapping.registerHandler:373] - Mapped URL path [/webjars/**] onto handler of type [class org.springframework.web.servlet.resource.ResourceHttpRequestHandler]
2018.11.02 19:09:14.324 [restartedMain] INFO [org.springframework.web.servlet.handler.AbstractUrlHandlerMapping.registerHandler:373] - Mapped URL path [/**] onto handler of type [class org.springframework.web.servlet.resource.ResourceHttpRequestHandler]
2018.11.02 19:09:14.339 [restartedMain] WARN [org.thymeleaf.templatemode.TemplateMode.parse:150] - [THYMELEAF][restartedMain] Template Mode 'HTML5' is deprecated. Using Template Mode 'HTML' instead.
2018.11.02 19:09:14.351 [restartedMain] INFO [org.springframework.boot.autoconfigure.web.servlet.WelcomePageHandlerMapping.<init>:61] - Adding welcome page template: index
2018.11.02 19:09:14.422 [restartedMain] INFO [org.springframework.boot.devtools.autoconfigure.OptionalLiveReloadServer.startServer:57] - LiveReload server is running on port 35729
2018.11.02 19:09:14.436 [restartedMain] INFO [org.springframework.jmx.export.MBeanExporter.afterSingletonsInstantiated:433] - Registering beans for JMX exposure on startup
2018.11.02 19:09:14.437 [restartedMain] INFO [org.springframework.jmx.export.MBeanExporter.autodetect:895] - Bean with name 'dataSource' has been autodetected for JMX exposure
2018.11.02 19:09:14.439 [restartedMain] INFO [org.springframework.jmx.export.MBeanExporter.registerBeanInstance:668] - Located MBean 'dataSource': registering with JMX server as MBean [com.zaxxer.hikari:name=dataSource,type=HikariDataSource]
2018.11.02 19:09:14.446 [restartedMain] INFO [org.apache.juli.logging.DirectJDKLog.log:180] - Starting ProtocolHandler ["http-nio-8080"]
2018.11.02 19:09:14.447 [restartedMain] INFO [org.apache.juli.logging.DirectJDKLog.log:180] - Using a shared selector for servlet write/read
2018.11.02 19:09:14.643 [restartedMain] INFO [org.springframework.boot.web.embedded.tomcat.TomcatWebServer.start:206] - Tomcat started on port(s): 8080 (http) with context path '/ofm'
2018.11.02 19:09:14.644 [restartedMain] INFO [org.springframework.boot.StartupInfoLogger.logStarted:59] - Started OfmApplication in 1.602 seconds (JVM running for 1984.435)
2018.11.02 19:09:14.647 [restartedMain] INFO [org.springframework.boot.devtools.autoconfigure.ConditionEvaluationDeltaLoggingListener.onApplicationEvent:56] - Condition evaluation unchanged
2018.11.02 19:09:16.366 [Thread-76] INFO [org.springframework.context.support.AbstractApplicationContext.doClose:991] - Closing org.springframework.boot.web.servlet.context.AnnotationConfigServletWebServerApplicationContext@798759e5: startup date [Fri Nov 02 19:09:13 CST 2018]; root of context hierarchy
2018.11.02 19:09:16.367 [Thread-76] INFO [org.springframework.jmx.export.MBeanExporter.destroy:451] - Unregistering JMX-exposed beans on shutdown
2018.11.02 19:09:16.367 [Thread-76] INFO [org.springframework.jmx.support.MBeanRegistrationSupport.unregisterBeans:185] - Unregistering JMX-exposed beans
2018.11.02 19:09:16.368 [Thread-76] INFO [org.springframework.orm.jpa.AbstractEntityManagerFactoryBean.destroy:597] - Closing JPA EntityManagerFactory for persistence unit 'default'
2018.11.02 19:09:16.368 [Thread-76] INFO [com.zaxxer.hikari.HikariDataSource.close:381] - HikariPool-9 - Shutdown initiated...
2018.11.02 19:09:16.429 [Thread-76] INFO [com.zaxxer.hikari.HikariDataSource.close:383] - HikariPool-9 - Shutdown completed.
2018.11.02 19:09:16.970 [restartedMain] INFO [org.springframework.boot.StartupInfoLogger.logStarting:50] - Starting OfmApplication on iotcomm-001-PC with PID 9540 (D:\WorkSpeace\gitSpeace\SpringBootStudy\target\classes started by iotcomm-001 in D:\WorkSpeace\gitSpeace\SpringBootStudy)
2018.11.02 19:09:16.970 [restartedMain] INFO [org.springframework.boot.SpringApplication.logStartupProfileInfo:654] - No active profile set, falling back to default profiles: default
2018.11.02 19:09:16.972 [restartedMain] INFO [org.springframework.context.support.AbstractApplicationContext.prepareRefresh:588] - Refreshing org.springframework.boot.web.servlet.context.AnnotationConfigServletWebServerApplicationContext@4520dab9: startup date [Fri Nov 02 19:09:16 CST 2018]; root of context hierarchy
2018.11.02 19:09:17.278 [restartedMain] INFO [org.springframework.context.support.PostProcessorRegistrationDelegate$BeanPostProcessorChecker.postProcessAfterInitialization:326] - Bean 'org.springframework.transaction.annotation.ProxyTransactionManagementConfiguration' of type [org.springframework.transaction.annotation.ProxyTransactionManagementConfiguration$$EnhancerBySpringCGLIB$$9ce2532d] is not eligible for getting processed by all BeanPostProcessors (for example: not eligible for auto-proxying)
2018.11.02 19:09:17.365 [restartedMain] INFO [org.springframework.boot.web.embedded.tomcat.TomcatWebServer.initialize:91] - Tomcat initialized with port(s): 8080 (http)
2018.11.02 19:09:17.367 [restartedMain] INFO [org.apache.juli.logging.DirectJDKLog.log:180] - Initializing ProtocolHandler ["http-nio-8080"]
2018.11.02 19:09:17.367 [restartedMain] INFO [org.apache.juli.logging.DirectJDKLog.log:180] - Starting service [Tomcat]
2018.11.02 19:09:17.367 [restartedMain] INFO [org.apache.juli.logging.DirectJDKLog.log:180] - Starting Servlet Engine: Apache Tomcat/8.5.34
2018.11.02 19:09:17.380 [localhost-startStop-1] INFO [org.apache.juli.logging.DirectJDKLog.log:180] - Initializing Spring embedded WebApplicationContext
2018.11.02 19:09:17.380 [localhost-startStop-1] INFO [org.springframework.boot.web.servlet.context.ServletWebServerApplicationContext.prepareWebApplicationContext:285] - Root WebApplicationContext: initialization completed in 408 ms
2018.11.02 19:09:17.407 [localhost-startStop-1] INFO [org.springframework.boot.web.servlet.AbstractFilterRegistrationBean.configure:245] - Mapping filter: 'characterEncodingFilter' to: [/*]
2018.11.02 19:09:17.407 [localhost-startStop-1] INFO [org.springframework.boot.web.servlet.AbstractFilterRegistrationBean.configure:245] - Mapping filter: 'hiddenHttpMethodFilter' to: [/*]
2018.11.02 19:09:17.407 [localhost-startStop-1] INFO [org.springframework.boot.web.servlet.AbstractFilterRegistrationBean.configure:245] - Mapping filter: 'httpPutFormContentFilter' to: [/*]
2018.11.02 19:09:17.407 [localhost-startStop-1] INFO [org.springframework.boot.web.servlet.AbstractFilterRegistrationBean.configure:245] - Mapping filter: 'requestContextFilter' to: [/*]
2018.11.02 19:09:17.407 [localhost-startStop-1] INFO [org.springframework.boot.web.servlet.AbstractFilterRegistrationBean.configure:258] - Mapping filter: 'RequestIPFilter' to urls: [/*]
2018.11.02 19:09:17.407 [localhost-startStop-1] INFO [org.springframework.boot.web.servlet.AbstractFilterRegistrationBean.configure:245] - Mapping filter: 'remoteIpFilter' to: [/*]
2018.11.02 19:09:17.407 [localhost-startStop-1] INFO [org.springframework.boot.web.servlet.ServletRegistrationBean.addRegistration:187] - Servlet dispatcherServlet mapped to [/]
2018.11.02 19:09:17.461 [restartedMain] INFO [com.zaxxer.hikari.HikariDataSource.getConnection:110] - HikariPool-10 - Starting...
2018.11.02 19:09:17.754 [restartedMain] INFO [com.zaxxer.hikari.HikariDataSource.getConnection:123] - HikariPool-10 - Start completed.
2018.11.02 19:09:17.758 [restartedMain] INFO [org.springframework.orm.jpa.LocalContainerEntityManagerFactoryBean.createNativeEntityManagerFactory:361] - Building JPA container EntityManagerFactory for persistence unit 'default'
2018.11.02 19:09:17.764 [restartedMain] INFO [org.hibernate.dialect.Dialect.<init>:157] - HHH000400: Using dialect: org.hibernate.dialect.MySQL5InnoDBDialect
2018.11.02 19:09:17.878 [restartedMain] INFO [org.springframework.orm.jpa.AbstractEntityManagerFactoryBean.buildNativeEntityManagerFactory:415] - Initialized JPA EntityManagerFactory for persistence unit 'default'
2018.11.02 19:09:17.958 [restartedMain] INFO [org.springframework.web.servlet.handler.AbstractUrlHandlerMapping.registerHandler:373] - Mapped URL path [/**/favicon.ico] onto handler of type [class org.springframework.web.servlet.resource.ResourceHttpRequestHandler]
2018.11.02 19:09:17.998 [restartedMain] INFO [org.springframework.web.servlet.mvc.method.annotation.RequestMappingHandlerAdapter.initControllerAdviceCache:588] - Looking for @ControllerAdvice: org.springframework.boot.web.servlet.context.AnnotationConfigServletWebServerApplicationContext@4520dab9: startup date [Fri Nov 02 19:09:16 CST 2018]; root of context hierarchy
2018.11.02 19:09:18.003 [restartedMain] WARN [org.springframework.boot.autoconfigure.orm.jpa.JpaBaseConfiguration$JpaWebConfiguration$JpaWebMvcConfiguration.openEntityManagerInViewInterceptor:237] - spring.jpa.open-in-view is enabled by default. Therefore, database queries may be performed during view rendering. Explicitly configure spring.jpa.open-in-view to disable this warning
2018.11.02 19:09:18.006 [restartedMain] INFO [org.springframework.web.servlet.handler.AbstractHandlerMethodMapping$MappingRegistry.register:549] - Mapped "{[/blog/article]}" onto public org.springframework.web.servlet.ModelAndView com.sakura.ofm.controller.BlogController.articleView(java.lang.String,java.lang.Long)
2018.11.02 19:09:18.007 [restartedMain] INFO [org.springframework.web.servlet.handler.AbstractHandlerMethodMapping$MappingRegistry.register:549] - Mapped "{[/blog/bloglist]}" onto public org.springframework.web.servlet.ModelAndView com.sakura.ofm.controller.BlogController.blogList(java.lang.String,int)
2018.11.02 19:09:18.007 [restartedMain] INFO [org.springframework.web.servlet.handler.AbstractHandlerMethodMapping$MappingRegistry.register:549] - Mapped "{[/blog/saveblog]}" onto public java.lang.Object com.sakura.ofm.controller.BlogController.saveBlog(java.lang.String,java.lang.String,java.lang.String)
2018.11.02 19:09:18.007 [restartedMain] INFO [org.springframework.web.servlet.handler.AbstractHandlerMethodMapping$MappingRegistry.register:549] - Mapped "{[/]}" onto public org.springframework.web.servlet.ModelAndView com.sakura.ofm.controller.DefaultController.index(java.lang.String)
2018.11.02 19:09:18.007 [restartedMain] INFO [org.springframework.web.servlet.handler.AbstractHandlerMethodMapping$MappingRegistry.register:549] - Mapped "{[/write]}" onto public org.springframework.web.servlet.ModelAndView com.sakura.ofm.controller.DefaultController.write(java.lang.String)
2018.11.02 19:09:18.008 [restartedMain] INFO [org.springframework.web.servlet.handler.AbstractHandlerMethodMapping$MappingRegistry.register:549] - Mapped "{[/login]}" onto public org.springframework.web.servlet.ModelAndView com.sakura.ofm.controller.DefaultController.login(java.lang.String)
2018.11.02 19:09:18.008 [restartedMain] INFO [org.springframework.web.servlet.handler.AbstractHandlerMethodMapping$MappingRegistry.register:549] - Mapped "{[/hello]}" onto public java.lang.String com.sakura.ofm.controller.HelloWorldController.index()
2018.11.02 19:09:18.008 [restartedMain] INFO [org.springframework.web.servlet.handler.AbstractHandlerMethodMapping$MappingRegistry.register:549] - Mapped "{[/cn],methods=[GET]}" onto public java.lang.String com.sakura.ofm.controller.HelloWorldController.cn(java.lang.String)
2018.11.02 19:09:18.008 [restartedMain] INFO [org.springframework.web.servlet.handler.AbstractHandlerMethodMapping$MappingRegistry.register:549] - Mapped "{[/upload],methods=[POST]}" onto public java.lang.String com.sakura.ofm.controller.HelloWorldController.upload(org.springframework.web.multipart.MultipartFile,javax.servlet.http.HttpServletRequest)
2018.11.02 19:09:18.009 [restartedMain] INFO [org.springframework.web.servlet.handler.AbstractHandlerMethodMapping$MappingRegistry.register:549] - Mapped "{[/sakura]}" onto public java.lang.String com.sakura.ofm.controller.HelloWorldController.sakura()
2018.11.02 19:09:18.009 [restartedMain] INFO [org.springframework.web.servlet.handler.AbstractHandlerMethodMapping$MappingRegistry.register:549] - Mapped "{[/user/login]}" onto public java.lang.String com.sakura.ofm.controller.UserController.login(java.lang.String,java.lang.String,java.lang.String,javax.servlet.http.HttpServletResponse)
2018.11.02 19:09:18.010 [restartedMain] INFO [org.springframework.web.servlet.handler.AbstractHandlerMethodMapping$MappingRegistry.register:549] - Mapped "{[/error]}" onto public org.springframework.http.ResponseEntity<java.util.Map<java.lang.String, java.lang.Object>> org.springframework.boot.autoconfigure.web.servlet.error.BasicErrorController.error(javax.servlet.http.HttpServletRequest)
2018.11.02 19:09:18.010 [restartedMain] INFO [org.springframework.web.servlet.handler.AbstractHandlerMethodMapping$MappingRegistry.register:549] - Mapped "{[/error],produces=[text/html]}" onto public org.springframework.web.servlet.ModelAndView org.springframework.boot.autoconfigure.web.servlet.error.BasicErrorController.errorHtml(javax.servlet.http.HttpServletRequest,javax.servlet.http.HttpServletResponse)
2018.11.02 19:09:18.021 [restartedMain] INFO [org.springframework.web.servlet.handler.AbstractUrlHandlerMapping.registerHandler:373] - Mapped URL path [/webjars/**] onto handler of type [class org.springframework.web.servlet.resource.ResourceHttpRequestHandler]
2018.11.02 19:09:18.021 [restartedMain] INFO [org.springframework.web.servlet.handler.AbstractUrlHandlerMapping.registerHandler:373] - Mapped URL path [/**] onto handler of type [class org.springframework.web.servlet.resource.ResourceHttpRequestHandler]
2018.11.02 19:09:18.038 [restartedMain] WARN [org.thymeleaf.templatemode.TemplateMode.parse:150] - [THYMELEAF][restartedMain] Template Mode 'HTML5' is deprecated. Using Template Mode 'HTML' instead.
2018.11.02 19:09:18.045 [restartedMain] INFO [org.springframework.boot.autoconfigure.web.servlet.WelcomePageHandlerMapping.<init>:61] - Adding welcome page template: index
2018.11.02 19:09:18.082 [restartedMain] INFO [org.springframework.boot.devtools.autoconfigure.OptionalLiveReloadServer.startServer:57] - LiveReload server is running on port 35729
2018.11.02 19:09:18.096 [restartedMain] INFO [org.springframework.jmx.export.MBeanExporter.afterSingletonsInstantiated:433] - Registering beans for JMX exposure on startup
2018.11.02 19:09:18.096 [restartedMain] INFO [org.springframework.jmx.export.MBeanExporter.autodetect:895] - Bean with name 'dataSource' has been autodetected for JMX exposure
2018.11.02 19:09:18.098 [restartedMain] INFO [org.springframework.jmx.export.MBeanExporter.registerBeanInstance:668] - Located MBean 'dataSource': registering with JMX server as MBean [com.zaxxer.hikari:name=dataSource,type=HikariDataSource]
2018.11.02 19:09:18.104 [restartedMain] INFO [org.apache.juli.logging.DirectJDKLog.log:180] - Starting ProtocolHandler ["http-nio-8080"]
2018.11.02 19:09:18.104 [restartedMain] INFO [org.apache.juli.logging.DirectJDKLog.log:180] - Using a shared selector for servlet write/read
2018.11.02 19:09:18.106 [restartedMain] INFO [org.springframework.boot.web.embedded.tomcat.TomcatWebServer.start:206] - Tomcat started on port(s): 8080 (http) with context path '/ofm'
2018.11.02 19:09:18.107 [restartedMain] INFO [org.springframework.boot.StartupInfoLogger.logStarted:59] - Started OfmApplication in 1.169 seconds (JVM running for 1987.898)
2018.11.02 19:09:18.109 [restartedMain] INFO [org.springframework.boot.devtools.autoconfigure.ConditionEvaluationDeltaLoggingListener.onApplicationEvent:56] - Condition evaluation unchanged
2018.11.02 19:09:43.827 [http-nio-8080-exec-4] INFO [org.apache.juli.logging.DirectJDKLog.log:180] - Initializing Spring FrameworkServlet 'dispatcherServlet'
2018.11.02 19:09:43.827 [http-nio-8080-exec-4] INFO [org.springframework.web.servlet.FrameworkServlet.initServletBean:494] - FrameworkServlet 'dispatcherServlet': initialization started
2018.11.02 19:09:43.833 [http-nio-8080-exec-4] INFO [org.springframework.web.servlet.FrameworkServlet.initServletBean:509] - FrameworkServlet 'dispatcherServlet': initialization completed in 6 ms
2018.11.02 19:09:43.834 [http-nio-8080-exec-4] INFO [com.sakura.ofm.IpFilter$RequestIPFilter.doFilter:45] - 用户访问,IP :0:0:0:0:0:0:0:1;地址：/ofm/
2018.11.02 19:09:43.992 [http-nio-8080-exec-4] INFO [org.hibernate.hql.internal.QueryTranslatorFactoryInitiator.initiateService:47] - HHH000397: Using ASTQueryTranslatorFactory
2018.11.02 19:11:56.938 [http-nio-8080-exec-5] INFO [com.sakura.ofm.IpFilter$RequestIPFilter.doFilter:45] - 用户访问,IP :0:0:0:0:0:0:0:1;地址：/ofm/
2018.11.02 19:24:51.943 [http-nio-8080-exec-10] INFO [com.sakura.ofm.IpFilter$RequestIPFilter.doFilter:45] - 用户访问,IP :0:0:0:0:0:0:0:1;地址：/ofm/
2018.11.02 19:25:10.186 [http-nio-8080-exec-1] INFO [com.sakura.ofm.IpFilter$RequestIPFilter.doFilter:45] - 用户访问,IP :0:0:0:0:0:0:0:1;地址：/ofm/
2018.11.02 19:25:10.485 [http-nio-8080-exec-4] INFO [com.sakura.ofm.IpFilter$RequestIPFilter.doFilter:45] - 用户访问,IP :0:0:0:0:0:0:0:1;地址：/ofm/css/bootstrap.min.css
2018.11.02 19:25:10.486 [http-nio-8080-exec-2] INFO [com.sakura.ofm.IpFilter$RequestIPFilter.doFilter:45] - 用户访问,IP :0:0:0:0:0:0:0:1;地址：/ofm/css/fontAwesome.css
2018.11.02 19:25:10.488 [http-nio-8080-exec-3] INFO [com.sakura.ofm.IpFilter$RequestIPFilter.doFilter:45] - 用户访问,IP :0:0:0:0:0:0:0:1;地址：/ofm/css/owl-carousel.css
2018.11.02 19:25:10.488 [http-nio-8080-exec-5] INFO [com.sakura.ofm.IpFilter$RequestIPFilter.doFilter:45] - 用户访问,IP :0:0:0:0:0:0:0:1;地址：/ofm/css/light-box.css
2018.11.02 19:25:10.489 [http-nio-8080-exec-7] INFO [com.sakura.ofm.IpFilter$RequestIPFilter.doFilter:45] - 用户访问,IP :0:0:0:0:0:0:0:1;地址：/ofm/css/bootstrap-theme.min.css
2018.11.02 19:25:10.691 [http-nio-8080-exec-8] INFO [com.sakura.ofm.IpFilter$RequestIPFilter.doFilter:45] - 用户访问,IP :0:0:0:0:0:0:0:1;地址：/ofm/css/templatemo-style.css
2018.11.02 19:26:02.022 [http-nio-8080-exec-8] INFO [com.sakura.ofm.IpFilter$RequestIPFilter.doFilter:45] - 用户访问,IP :0:0:0:0:0:0:0:1;地址：/ofm/
2018.11.02 19:26:07.883 [http-nio-8080-exec-3] INFO [com.sakura.ofm.IpFilter$RequestIPFilter.doFilter:45] - 用户访问,IP :0:0:0:0:0:0:0:1;地址：/ofm/
2018.11.02 19:26:08.196 [http-nio-8080-exec-6] INFO [com.sakura.ofm.IpFilter$RequestIPFilter.doFilter:45] - 用户访问,IP :0:0:0:0:0:0:0:1;地址：/ofm/css/bootstrap.min.css
2018.11.02 19:26:08.197 [http-nio-8080-exec-2] INFO [com.sakura.ofm.IpFilter$RequestIPFilter.doFilter:45] - 用户访问,IP :0:0:0:0:0:0:0:1;地址：/ofm/css/bootstrap-theme.min.css
2018.11.02 19:26:08.199 [http-nio-8080-exec-9] INFO [com.sakura.ofm.IpFilter$RequestIPFilter.doFilter:45] - 用户访问,IP :0:0:0:0:0:0:0:1;地址：/ofm/css/fontAwesome.css
2018.11.02 19:26:08.202 [http-nio-8080-exec-5] INFO [com.sakura.ofm.IpFilter$RequestIPFilter.doFilter:45] - 用户访问,IP :0:0:0:0:0:0:0:1;地址：/ofm/css/light-box.css
2018.11.02 19:26:08.244 [http-nio-8080-exec-4] INFO [com.sakura.ofm.IpFilter$RequestIPFilter.doFilter:45] - 用户访问,IP :0:0:0:0:0:0:0:1;地址：/ofm/css/owl-carousel.css
2018.11.02 19:26:08.253 [http-nio-8080-exec-10] INFO [com.sakura.ofm.IpFilter$RequestIPFilter.doFilter:45] - 用户访问,IP :0:0:0:0:0:0:0:1;地址：/ofm/css/templatemo-style.css
2018.11.02 19:26:39.847 [http-nio-8080-exec-2] INFO [com.sakura.ofm.IpFilter$RequestIPFilter.doFilter:45] - 用户访问,IP :0:0:0:0:0:0:0:1;地址：/ofm/
2018.11.02 19:26:42.425 [http-nio-8080-exec-9] INFO [com.sakura.ofm.IpFilter$RequestIPFilter.doFilter:45] - 用户访问,IP :0:0:0:0:0:0:0:1;地址：/ofm/
2018.11.02 19:26:52.633 [http-nio-8080-exec-7] INFO [com.sakura.ofm.IpFilter$RequestIPFilter.doFilter:45] - 用户访问,IP :0:0:0:0:0:0:0:1;地址：/ofm/login
