2018.10.31 10:46:15.387 [restartedMain] INFO [org.springframework.boot.StartupInfoLogger.logStarting:50] - Starting OfmApplication on iotcomm-001-PC with PID 3788 (D:\WorkSpeace\gitSpeace\SpringBootStudy\target\classes started by iotcomm-001 in D:\WorkSpeace\gitSpeace\SpringBootStudy)
2018.10.31 10:46:15.387 [restartedMain] INFO [org.springframework.boot.SpringApplication.logStartupProfileInfo:654] - No active profile set, falling back to default profiles: default
2018.10.31 10:46:15.418 [restartedMain] INFO [org.springframework.context.support.AbstractApplicationContext.prepareRefresh:588] - Refreshing org.springframework.boot.web.servlet.context.AnnotationConfigServletWebServerApplicationContext@22539d13: startup date [Wed Oct 31 10:46:15 CST 2018]; root of context hierarchy
2018.10.31 10:46:16.729 [restartedMain] INFO [org.springframework.context.support.PostProcessorRegistrationDelegate$BeanPostProcessorChecker.postProcessAfterInitialization:326] - Bean 'org.springframework.transaction.annotation.ProxyTransactionManagementConfiguration' of type [org.springframework.transaction.annotation.ProxyTransactionManagementConfiguration$$EnhancerBySpringCGLIB$$8920dd9c] is not eligible for getting processed by all BeanPostProcessors (for example: not eligible for auto-proxying)
2018.10.31 10:46:17.103 [restartedMain] INFO [org.springframework.boot.web.embedded.tomcat.TomcatWebServer.initialize:91] - Tomcat initialized with port(s): 8080 (http)
2018.10.31 10:46:17.103 [restartedMain] INFO [org.apache.juli.logging.DirectJDKLog.log:180] - Initializing ProtocolHandler ["http-nio-8080"]
2018.10.31 10:46:17.119 [restartedMain] INFO [org.apache.juli.logging.DirectJDKLog.log:180] - Starting service [Tomcat]
2018.10.31 10:46:17.119 [restartedMain] INFO [org.apache.juli.logging.DirectJDKLog.log:180] - Starting Servlet Engine: Apache Tomcat/8.5.34
2018.10.31 10:46:17.119 [localhost-startStop-1] INFO [org.apache.juli.logging.DirectJDKLog.log:180] - The APR based Apache Tomcat Native library which allows optimal performance in production environments was not found on the java.library.path: [C:\Program Files\Java\jdk1.8.0_60\bin;C:\Windows\Sun\Java\bin;C:\Windows\system32;C:\Windows;C:\Program Files (x86)\Common Files\NetSarang;C:\Program Files\Java\jdk1.8.0_60\bin;C:\ProgramData\Oracle\Java\javapath;C:\Windows\system32;C:\Windows;C:\Windows\System32\Wbem;C:\Windows\System32\WindowsPowerShell\v1.0\;D:\install\VisualSVN Server\bin;D:\install\maven-3.3.9\bin;D:\install\TortoiseSVN\bin;E:\sonarqube\sonar-scanner-2.8\bin;D:\install\nexus-2.14\nexus-2.14.3-02\bin;%ERLANG_HOME%\bin;D:\install\RabbitMQ Server\rabbitmq_server-3.6.9\sbin;C:\Android;C:\Windows\System32;C:\Program Files\Git\cmd;C:\Users\iotcomm-001\AppData\Local\Programs\Python\Python37\Scripts\;C:\Users\iotcomm-001\AppData\Local\Programs\Python\Python37\;.]
2018.10.31 10:46:17.181 [localhost-startStop-1] INFO [org.apache.juli.logging.DirectJDKLog.log:180] - Initializing Spring embedded WebApplicationContext
2018.10.31 10:46:17.181 [localhost-startStop-1] INFO [org.springframework.boot.web.servlet.context.ServletWebServerApplicationContext.prepareWebApplicationContext:285] - Root WebApplicationContext: initialization completed in 1763 ms
2018.10.31 10:46:17.243 [localhost-startStop-1] INFO [org.springframework.boot.web.servlet.AbstractFilterRegistrationBean.configure:245] - Mapping filter: 'characterEncodingFilter' to: [/*]
2018.10.31 10:46:17.243 [localhost-startStop-1] INFO [org.springframework.boot.web.servlet.AbstractFilterRegistrationBean.configure:245] - Mapping filter: 'hiddenHttpMethodFilter' to: [/*]
2018.10.31 10:46:17.243 [localhost-startStop-1] INFO [org.springframework.boot.web.servlet.AbstractFilterRegistrationBean.configure:245] - Mapping filter: 'httpPutFormContentFilter' to: [/*]
2018.10.31 10:46:17.243 [localhost-startStop-1] INFO [org.springframework.boot.web.servlet.AbstractFilterRegistrationBean.configure:245] - Mapping filter: 'requestContextFilter' to: [/*]
2018.10.31 10:46:17.243 [localhost-startStop-1] INFO [org.springframework.boot.web.servlet.AbstractFilterRegistrationBean.configure:258] - Mapping filter: 'RequestIPFilter' to urls: [/*]
2018.10.31 10:46:17.243 [localhost-startStop-1] INFO [org.springframework.boot.web.servlet.AbstractFilterRegistrationBean.configure:245] - Mapping filter: 'remoteIpFilter' to: [/*]
2018.10.31 10:46:17.243 [localhost-startStop-1] INFO [org.springframework.boot.web.servlet.ServletRegistrationBean.addRegistration:187] - Servlet dispatcherServlet mapped to [/]
2018.10.31 10:46:17.431 [restartedMain] INFO [com.zaxxer.hikari.HikariDataSource.getConnection:110] - HikariPool-1 - Starting...
2018.10.31 10:46:17.790 [restartedMain] INFO [com.zaxxer.hikari.HikariDataSource.getConnection:123] - HikariPool-1 - Start completed.
2018.10.31 10:46:17.837 [restartedMain] INFO [org.springframework.orm.jpa.LocalContainerEntityManagerFactoryBean.createNativeEntityManagerFactory:361] - Building JPA container EntityManagerFactory for persistence unit 'default'
2018.10.31 10:46:17.883 [restartedMain] INFO [org.hibernate.Version.logVersion:45] - HHH000412: Hibernate Core {5.2.17.Final}
2018.10.31 10:46:17.883 [restartedMain] INFO [org.hibernate.cfg.Environment.<clinit>:213] - HHH000206: hibernate.properties not found
2018.10.31 10:46:17.930 [restartedMain] INFO [org.hibernate.annotations.common.reflection.java.JavaReflectionManager.<clinit>:66] - HCANN000001: Hibernate Commons Annotations {5.0.1.Final}
2018.10.31 10:46:18.008 [restartedMain] INFO [org.hibernate.dialect.Dialect.<init>:157] - HHH000400: Using dialect: org.hibernate.dialect.MySQL5InnoDBDialect
2018.10.31 10:46:18.429 [restartedMain] INFO [org.springframework.orm.jpa.AbstractEntityManagerFactoryBean.buildNativeEntityManagerFactory:415] - Initialized JPA EntityManagerFactory for persistence unit 'default'
2018.10.31 10:46:18.821 [restartedMain] INFO [org.springframework.web.servlet.handler.AbstractUrlHandlerMapping.registerHandler:373] - Mapped URL path [/**/favicon.ico] onto handler of type [class org.springframework.web.servlet.resource.ResourceHttpRequestHandler]
2018.10.31 10:46:19.024 [restartedMain] INFO [org.springframework.web.servlet.mvc.method.annotation.RequestMappingHandlerAdapter.initControllerAdviceCache:588] - Looking for @ControllerAdvice: org.springframework.boot.web.servlet.context.AnnotationConfigServletWebServerApplicationContext@22539d13: startup date [Wed Oct 31 10:46:15 CST 2018]; root of context hierarchy
2018.10.31 10:46:19.040 [restartedMain] WARN [org.springframework.boot.autoconfigure.orm.jpa.JpaBaseConfiguration$JpaWebConfiguration$JpaWebMvcConfiguration.openEntityManagerInViewInterceptor:237] - spring.jpa.open-in-view is enabled by default. Therefore, database queries may be performed during view rendering. Explicitly configure spring.jpa.open-in-view to disable this warning
2018.10.31 10:46:19.071 [restartedMain] INFO [org.springframework.web.servlet.handler.AbstractHandlerMethodMapping$MappingRegistry.register:549] - Mapped "{[/blog/article]}" onto public org.springframework.web.servlet.ModelAndView com.sakura.ofm.controller.BlogController.articleView(java.lang.String,java.lang.Long)
2018.10.31 10:46:19.071 [restartedMain] INFO [org.springframework.web.servlet.handler.AbstractHandlerMethodMapping$MappingRegistry.register:549] - Mapped "{[/blog/bloglist]}" onto public org.springframework.web.servlet.ModelAndView com.sakura.ofm.controller.BlogController.blogList(java.lang.String,int)
2018.10.31 10:46:19.071 [restartedMain] INFO [org.springframework.web.servlet.handler.AbstractHandlerMethodMapping$MappingRegistry.register:549] - Mapped "{[/]}" onto public org.springframework.web.servlet.ModelAndView com.sakura.ofm.controller.DefaultController.index(java.lang.String)
2018.10.31 10:46:19.071 [restartedMain] INFO [org.springframework.web.servlet.handler.AbstractHandlerMethodMapping$MappingRegistry.register:549] - Mapped "{[/hello]}" onto public java.lang.String com.sakura.ofm.controller.HelloWorldController.index()
2018.10.31 10:46:19.071 [restartedMain] INFO [org.springframework.web.servlet.handler.AbstractHandlerMethodMapping$MappingRegistry.register:549] - Mapped "{[/upload],methods=[POST]}" onto public java.lang.String com.sakura.ofm.controller.HelloWorldController.upload(org.springframework.web.multipart.MultipartFile,javax.servlet.http.HttpServletRequest)
2018.10.31 10:46:19.071 [restartedMain] INFO [org.springframework.web.servlet.handler.AbstractHandlerMethodMapping$MappingRegistry.register:549] - Mapped "{[/cn],methods=[GET]}" onto public java.lang.String com.sakura.ofm.controller.HelloWorldController.cn(java.lang.String)
2018.10.31 10:46:19.071 [restartedMain] INFO [org.springframework.web.servlet.handler.AbstractHandlerMethodMapping$MappingRegistry.register:549] - Mapped "{[/sakura]}" onto public java.lang.String com.sakura.ofm.controller.HelloWorldController.sakura()
2018.10.31 10:46:19.071 [restartedMain] INFO [org.springframework.web.servlet.handler.AbstractHandlerMethodMapping$MappingRegistry.register:549] - Mapped "{[/error]}" onto public org.springframework.http.ResponseEntity<java.util.Map<java.lang.String, java.lang.Object>> org.springframework.boot.autoconfigure.web.servlet.error.BasicErrorController.error(javax.servlet.http.HttpServletRequest)
2018.10.31 10:46:19.071 [restartedMain] INFO [org.springframework.web.servlet.handler.AbstractHandlerMethodMapping$MappingRegistry.register:549] - Mapped "{[/error],produces=[text/html]}" onto public org.springframework.web.servlet.ModelAndView org.springframework.boot.autoconfigure.web.servlet.error.BasicErrorController.errorHtml(javax.servlet.http.HttpServletRequest,javax.servlet.http.HttpServletResponse)
2018.10.31 10:46:19.102 [restartedMain] INFO [org.springframework.web.servlet.handler.AbstractUrlHandlerMapping.registerHandler:373] - Mapped URL path [/webjars/**] onto handler of type [class org.springframework.web.servlet.resource.ResourceHttpRequestHandler]
2018.10.31 10:46:19.102 [restartedMain] INFO [org.springframework.web.servlet.handler.AbstractUrlHandlerMapping.registerHandler:373] - Mapped URL path [/**] onto handler of type [class org.springframework.web.servlet.resource.ResourceHttpRequestHandler]
2018.10.31 10:46:19.149 [restartedMain] WARN [org.thymeleaf.templatemode.TemplateMode.parse:150] - [THYMELEAF][restartedMain] Template Mode 'HTML5' is deprecated. Using Template Mode 'HTML' instead.
2018.10.31 10:46:19.196 [restartedMain] INFO [org.springframework.boot.autoconfigure.web.servlet.WelcomePageHandlerMapping.<init>:61] - Adding welcome page template: index
2018.10.31 10:46:19.414 [restartedMain] INFO [org.springframework.boot.devtools.autoconfigure.OptionalLiveReloadServer.startServer:57] - LiveReload server is running on port 35729
2018.10.31 10:46:19.430 [restartedMain] INFO [org.springframework.jmx.export.MBeanExporter.afterSingletonsInstantiated:433] - Registering beans for JMX exposure on startup
2018.10.31 10:46:19.430 [restartedMain] INFO [org.springframework.jmx.export.MBeanExporter.autodetect:895] - Bean with name 'dataSource' has been autodetected for JMX exposure
2018.10.31 10:46:19.445 [restartedMain] INFO [org.springframework.jmx.export.MBeanExporter.registerBeanInstance:668] - Located MBean 'dataSource': registering with JMX server as MBean [com.zaxxer.hikari:name=dataSource,type=HikariDataSource]
2018.10.31 10:46:19.445 [restartedMain] INFO [org.apache.juli.logging.DirectJDKLog.log:180] - Starting ProtocolHandler ["http-nio-8080"]
2018.10.31 10:46:19.461 [restartedMain] INFO [org.apache.juli.logging.DirectJDKLog.log:180] - Using a shared selector for servlet write/read
2018.10.31 10:46:19.477 [restartedMain] INFO [org.springframework.boot.web.embedded.tomcat.TomcatWebServer.start:206] - Tomcat started on port(s): 8080 (http) with context path '/ofm'
2018.10.31 10:46:19.477 [restartedMain] INFO [org.springframework.boot.StartupInfoLogger.logStarted:59] - Started OfmApplication in 4.583 seconds (JVM running for 7.409)
2018.10.31 10:47:22.167 [http-nio-8080-exec-3] INFO [org.apache.juli.logging.DirectJDKLog.log:180] - Initializing Spring FrameworkServlet 'dispatcherServlet'
2018.10.31 10:47:22.167 [http-nio-8080-exec-3] INFO [org.springframework.web.servlet.FrameworkServlet.initServletBean:494] - FrameworkServlet 'dispatcherServlet': initialization started
2018.10.31 10:47:22.188 [http-nio-8080-exec-3] INFO [org.springframework.web.servlet.FrameworkServlet.initServletBean:509] - FrameworkServlet 'dispatcherServlet': initialization completed in 21 ms
2018.10.31 10:47:22.196 [http-nio-8080-exec-3] INFO [com.sakura.ofm.IpFilter$RequestIPFilter.doFilter:45] - 用户访问,IP :0:0:0:0:0:0:0:1;地址：/ofm/
2018.10.31 10:47:22.724 [http-nio-8080-exec-4] INFO [com.sakura.ofm.IpFilter$RequestIPFilter.doFilter:45] - 用户访问,IP :0:0:0:0:0:0:0:1;地址：/ofm/css/bootstrap.min.css
2018.10.31 10:47:22.725 [http-nio-8080-exec-6] INFO [com.sakura.ofm.IpFilter$RequestIPFilter.doFilter:45] - 用户访问,IP :0:0:0:0:0:0:0:1;地址：/ofm/css/fontAwesome.css
2018.10.31 10:47:22.725 [http-nio-8080-exec-5] INFO [com.sakura.ofm.IpFilter$RequestIPFilter.doFilter:45] - 用户访问,IP :0:0:0:0:0:0:0:1;地址：/ofm/css/bootstrap-theme.min.css
2018.10.31 10:47:22.730 [http-nio-8080-exec-7] INFO [com.sakura.ofm.IpFilter$RequestIPFilter.doFilter:45] - 用户访问,IP :0:0:0:0:0:0:0:1;地址：/ofm/css/owl-carousel.css
2018.10.31 10:47:22.731 [http-nio-8080-exec-8] INFO [com.sakura.ofm.IpFilter$RequestIPFilter.doFilter:45] - 用户访问,IP :0:0:0:0:0:0:0:1;地址：/ofm/css/light-box.css
2018.10.31 10:47:22.756 [http-nio-8080-exec-9] INFO [com.sakura.ofm.IpFilter$RequestIPFilter.doFilter:45] - 用户访问,IP :0:0:0:0:0:0:0:1;地址：/ofm/css/templatemo-style.css
2018.10.31 10:47:22.845 [http-nio-8080-exec-10] INFO [com.sakura.ofm.IpFilter$RequestIPFilter.doFilter:45] - 用户访问,IP :0:0:0:0:0:0:0:1;地址：/ofm/js/vendor/modernizr-2.8.3-respond-1.4.2.min.js
2018.10.31 10:47:22.907 [http-nio-8080-exec-1] INFO [com.sakura.ofm.IpFilter$RequestIPFilter.doFilter:45] - 用户访问,IP :0:0:0:0:0:0:0:1;地址：/ofm/js/vendor/bootstrap.min.js
2018.10.31 10:47:22.956 [http-nio-8080-exec-2] INFO [com.sakura.ofm.IpFilter$RequestIPFilter.doFilter:45] - 用户访问,IP :0:0:0:0:0:0:0:1;地址：/ofm/img/blog_1.jpg
2018.10.31 10:47:22.960 [http-nio-8080-exec-8] INFO [com.sakura.ofm.IpFilter$RequestIPFilter.doFilter:45] - 用户访问,IP :0:0:0:0:0:0:0:1;地址：/ofm/img/loading.gif
2018.10.31 10:47:22.960 [http-nio-8080-exec-6] INFO [com.sakura.ofm.IpFilter$RequestIPFilter.doFilter:45] - 用户访问,IP :0:0:0:0:0:0:0:1;地址：/ofm/js/plugins.js
2018.10.31 10:47:22.960 [http-nio-8080-exec-4] INFO [com.sakura.ofm.IpFilter$RequestIPFilter.doFilter:45] - 用户访问,IP :0:0:0:0:0:0:0:1;地址：/ofm/img/close.png
2018.10.31 10:47:22.960 [http-nio-8080-exec-3] INFO [com.sakura.ofm.IpFilter$RequestIPFilter.doFilter:45] - 用户访问,IP :0:0:0:0:0:0:0:1;地址：/ofm/js/main.js
2018.10.31 10:47:22.962 [http-nio-8080-exec-7] INFO [com.sakura.ofm.IpFilter$RequestIPFilter.doFilter:45] - 用户访问,IP :0:0:0:0:0:0:0:1;地址：/ofm/img/prev.png
2018.10.31 10:47:22.965 [http-nio-8080-exec-9] INFO [com.sakura.ofm.IpFilter$RequestIPFilter.doFilter:45] - 用户访问,IP :0:0:0:0:0:0:0:1;地址：/ofm/img/next.png
2018.10.31 10:47:22.981 [http-nio-8080-exec-5] INFO [com.sakura.ofm.IpFilter$RequestIPFilter.doFilter:45] - 用户访问,IP :0:0:0:0:0:0:0:1;地址：/ofm/img/slide_3.jpg
2018.10.31 10:47:23.006 [http-nio-8080-exec-10] INFO [com.sakura.ofm.IpFilter$RequestIPFilter.doFilter:45] - 用户访问,IP :0:0:0:0:0:0:0:1;地址：/ofm/img/slide_2.jpg
2018.10.31 10:47:23.042 [http-nio-8080-exec-1] INFO [com.sakura.ofm.IpFilter$RequestIPFilter.doFilter:45] - 用户访问,IP :0:0:0:0:0:0:0:1;地址：/ofm/img/slide_1.jpg
2018.10.31 10:47:23.177 [http-nio-8080-exec-4] INFO [com.sakura.ofm.IpFilter$RequestIPFilter.doFilter:45] - 用户访问,IP :0:0:0:0:0:0:0:1;地址：/ofm/fonts/fontawesome-webfont.woff2
2018.10.31 10:47:34.147 [http-nio-8080-exec-9] INFO [com.sakura.ofm.IpFilter$RequestIPFilter.doFilter:45] - 用户访问,IP :0:0:0:0:0:0:0:1;地址：/ofm/write.html
2018.10.31 10:47:51.040 [http-nio-8080-exec-7] INFO [com.sakura.ofm.IpFilter$RequestIPFilter.doFilter:45] - 用户访问,IP :0:0:0:0:0:0:0:1;地址：/ofm/index.html
