2018.12.10 15:59:24.858 [main] INFO [org.springframework.test.context.support.AbstractTestContextBootstrapper.buildDefaultMergedContextConfiguration:308] - Neither @ContextConfiguration nor @ContextHierarchy found for test class [com.sakura.ofm.tools.RedisHelper], using SpringBootContextLoader
2018.12.10 15:59:24.869 [main] INFO [org.springframework.test.context.support.AbstractContextLoader.generateDefaultLocations:264] - Could not detect default resource locations for test class [com.sakura.ofm.tools.RedisHelper]: no resource found for suffixes {-context.xml, Context.groovy}.
2018.12.10 15:59:25.127 [main] INFO [org.springframework.test.context.support.AbstractTestContextBootstrapper.getDefaultTestExecutionListenerClassNames:248] - Loaded default TestExecutionListener class names from location [META-INF/spring.factories]: [org.springframework.boot.test.autoconfigure.restdocs.RestDocsTestExecutionListener, org.springframework.boot.test.autoconfigure.web.client.MockRestServiceServerResetTestExecutionListener, org.springframework.boot.test.autoconfigure.web.servlet.MockMvcPrintOnlyOnFailureTestExecutionListener, org.springframework.boot.test.autoconfigure.web.servlet.WebDriverTestExecutionListener, org.springframework.boot.test.mock.mockito.MockitoTestExecutionListener, org.springframework.boot.test.mock.mockito.ResetMocksTestExecutionListener, org.springframework.test.context.web.ServletTestExecutionListener, org.springframework.test.context.support.DirtiesContextBeforeModesTestExecutionListener, org.springframework.test.context.support.DependencyInjectionTestExecutionListener, org.springframework.test.context.support.DirtiesContextTestExecutionListener, org.springframework.test.context.transaction.TransactionalTestExecutionListener, org.springframework.test.context.jdbc.SqlScriptsTestExecutionListener]
2018.12.10 15:59:25.182 [main] INFO [org.springframework.test.context.support.AbstractTestContextBootstrapper.getTestExecutionListeners:177] - Using TestExecutionListeners: [org.springframework.test.context.web.ServletTestExecutionListener@7ce69770, org.springframework.test.context.support.DirtiesContextBeforeModesTestExecutionListener@1750fbeb, org.springframework.boot.test.mock.mockito.MockitoTestExecutionListener@5b247367, org.springframework.boot.test.autoconfigure.SpringBootDependencyInjectionTestExecutionListener@268f106e, org.springframework.test.context.support.DirtiesContextTestExecutionListener@6e9a5ed8, org.springframework.test.context.transaction.TransactionalTestExecutionListener@7e057f43, org.springframework.test.context.jdbc.SqlScriptsTestExecutionListener@6c284af, org.springframework.boot.test.autoconfigure.restdocs.RestDocsTestExecutionListener@5890e879, org.springframework.boot.test.autoconfigure.web.client.MockRestServiceServerResetTestExecutionListener@6440112d, org.springframework.boot.test.autoconfigure.web.servlet.MockMvcPrintOnlyOnFailureTestExecutionListener@31ea9581, org.springframework.boot.test.autoconfigure.web.servlet.WebDriverTestExecutionListener@231f98ef, org.springframework.boot.test.mock.mockito.ResetMocksTestExecutionListener@7c137fd5]
2018.12.10 15:59:25.695 [main] INFO [org.springframework.boot.StartupInfoLogger.logStarting:50] - Starting RedisHelper on iotcomm-001-PC with PID 2296 (started by iotcomm-001 in D:\WorkSpeace\gitSpeace\SpringBootStudy)
2018.12.10 15:59:25.697 [main] INFO [org.springframework.boot.SpringApplication.logStartupProfileInfo:654] - No active profile set, falling back to default profiles: default
2018.12.10 15:59:25.785 [main] INFO [org.springframework.context.support.AbstractApplicationContext.prepareRefresh:588] - Refreshing org.springframework.web.context.support.GenericWebApplicationContext@27adc16e: startup date [Mon Dec 10 15:59:25 CST 2018]; root of context hierarchy
2018.12.10 15:59:27.716 [main] INFO [org.springframework.data.repository.config.RepositoryConfigurationDelegate.multipleStoresDetected:172] - Multiple Spring Data modules found, entering strict repository configuration mode!
2018.12.10 15:59:28.216 [main] INFO [org.springframework.data.repository.config.RepositoryConfigurationDelegate.multipleStoresDetected:172] - Multiple Spring Data modules found, entering strict repository configuration mode!
2018.12.10 15:59:28.260 [main] INFO [org.springframework.data.repository.config.RepositoryConfigurationExtensionSupport.isStrictRepositoryCandidate:291] - Spring Data Redis - Could not safely identify store assignment for repository candidate interface com.sakura.ofm.dao.BlogRepository.
2018.12.10 15:59:28.261 [main] INFO [org.springframework.data.repository.config.RepositoryConfigurationExtensionSupport.isStrictRepositoryCandidate:291] - Spring Data Redis - Could not safely identify store assignment for repository candidate interface com.sakura.ofm.dao.PackageRepository.
2018.12.10 15:59:29.075 [main] INFO [org.springframework.context.support.PostProcessorRegistrationDelegate$BeanPostProcessorChecker.postProcessAfterInitialization:326] - Bean 'org.springframework.transaction.annotation.ProxyTransactionManagementConfiguration' of type [org.springframework.transaction.annotation.ProxyTransactionManagementConfiguration$$EnhancerBySpringCGLIB$$ee3ff0d8] is not eligible for getting processed by all BeanPostProcessors (for example: not eligible for auto-proxying)
2018.12.10 15:59:29.543 [main] INFO [com.zaxxer.hikari.HikariDataSource.getConnection:110] - HikariPool-1 - Starting...
2018.12.10 15:59:30.158 [main] INFO [com.zaxxer.hikari.HikariDataSource.getConnection:123] - HikariPool-1 - Start completed.
2018.12.10 15:59:30.263 [main] INFO [org.springframework.orm.jpa.LocalContainerEntityManagerFactoryBean.createNativeEntityManagerFactory:361] - Building JPA container EntityManagerFactory for persistence unit 'default'
2018.12.10 15:59:30.759 [main] INFO [org.hibernate.Version.logVersion:45] - HHH000412: Hibernate Core {5.2.17.Final}
2018.12.10 15:59:30.762 [main] INFO [org.hibernate.cfg.Environment.<clinit>:213] - HHH000206: hibernate.properties not found
2018.12.10 15:59:30.911 [main] INFO [org.hibernate.annotations.common.reflection.java.JavaReflectionManager.<clinit>:66] - HCANN000001: Hibernate Commons Annotations {5.0.1.Final}
2018.12.10 15:59:31.502 [main] INFO [org.hibernate.dialect.Dialect.<init>:157] - HHH000400: Using dialect: org.hibernate.dialect.MySQL5InnoDBDialect
2018.12.10 15:59:33.215 [main] INFO [org.springframework.orm.jpa.AbstractEntityManagerFactoryBean.buildNativeEntityManagerFactory:415] - Initialized JPA EntityManagerFactory for persistence unit 'default'
2018.12.10 15:59:34.460 [main] INFO [org.springframework.web.servlet.mvc.method.annotation.RequestMappingHandlerAdapter.initControllerAdviceCache:588] - Looking for @ControllerAdvice: org.springframework.web.context.support.GenericWebApplicationContext@27adc16e: startup date [Mon Dec 10 15:59:25 CST 2018]; root of context hierarchy
2018.12.10 15:59:34.523 [main] WARN [org.springframework.boot.autoconfigure.orm.jpa.JpaBaseConfiguration$JpaWebConfiguration$JpaWebMvcConfiguration.openEntityManagerInViewInterceptor:237] - spring.jpa.open-in-view is enabled by default. Therefore, database queries may be performed during view rendering. Explicitly configure spring.jpa.open-in-view to disable this warning
2018.12.10 15:59:34.576 [main] INFO [org.springframework.web.servlet.handler.AbstractHandlerMethodMapping$MappingRegistry.register:549] - Mapped "{[/blog/article]}" onto public org.springframework.web.servlet.ModelAndView com.sakura.ofm.controller.BlogController.articleView(java.lang.String,java.lang.Long)
2018.12.10 15:59:34.577 [main] INFO [org.springframework.web.servlet.handler.AbstractHandlerMethodMapping$MappingRegistry.register:549] - Mapped "{[/blog/bloglist]}" onto public org.springframework.web.servlet.ModelAndView com.sakura.ofm.controller.BlogController.blogList(java.lang.String,int)
2018.12.10 15:59:34.578 [main] INFO [org.springframework.web.servlet.handler.AbstractHandlerMethodMapping$MappingRegistry.register:549] - Mapped "{[/blog/saveblog]}" onto public java.lang.Object com.sakura.ofm.controller.BlogController.saveBlog(java.lang.String,java.lang.String,java.lang.String)
2018.12.10 15:59:34.579 [main] INFO [org.springframework.web.servlet.handler.AbstractHandlerMethodMapping$MappingRegistry.register:549] - Mapped "{[/]}" onto public org.springframework.web.servlet.ModelAndView com.sakura.ofm.controller.DefaultController.index(java.lang.String)
2018.12.10 15:59:34.579 [main] INFO [org.springframework.web.servlet.handler.AbstractHandlerMethodMapping$MappingRegistry.register:549] - Mapped "{[/write]}" onto public org.springframework.web.servlet.ModelAndView com.sakura.ofm.controller.DefaultController.write(java.lang.String)
2018.12.10 15:59:34.579 [main] INFO [org.springframework.web.servlet.handler.AbstractHandlerMethodMapping$MappingRegistry.register:549] - Mapped "{[/resume]}" onto public org.springframework.web.servlet.ModelAndView com.sakura.ofm.controller.DefaultController.resume(java.lang.String)
2018.12.10 15:59:34.579 [main] INFO [org.springframework.web.servlet.handler.AbstractHandlerMethodMapping$MappingRegistry.register:549] - Mapped "{[/login]}" onto public org.springframework.web.servlet.ModelAndView com.sakura.ofm.controller.DefaultController.login(java.lang.String)
2018.12.10 15:59:34.583 [main] INFO [org.springframework.web.servlet.handler.AbstractHandlerMethodMapping$MappingRegistry.register:549] - Mapped "{[/hello]}" onto public java.lang.String com.sakura.ofm.controller.HelloWorldController.index()
2018.12.10 15:59:34.584 [main] INFO [org.springframework.web.servlet.handler.AbstractHandlerMethodMapping$MappingRegistry.register:549] - Mapped "{[/upload],methods=[POST]}" onto public java.lang.String com.sakura.ofm.controller.HelloWorldController.upload(org.springframework.web.multipart.MultipartFile,javax.servlet.http.HttpServletRequest)
2018.12.10 15:59:34.584 [main] INFO [org.springframework.web.servlet.handler.AbstractHandlerMethodMapping$MappingRegistry.register:549] - Mapped "{[/sakura]}" onto public java.lang.String com.sakura.ofm.controller.HelloWorldController.sakura()
2018.12.10 15:59:34.584 [main] INFO [org.springframework.web.servlet.handler.AbstractHandlerMethodMapping$MappingRegistry.register:549] - Mapped "{[/cn],methods=[GET]}" onto public java.lang.String com.sakura.ofm.controller.HelloWorldController.cn(java.lang.String)
2018.12.10 15:59:34.585 [main] INFO [org.springframework.web.servlet.handler.AbstractHandlerMethodMapping$MappingRegistry.register:549] - Mapped "{[/test/string]}" onto public java.lang.String com.sakura.ofm.controller.TestController.test(java.lang.String)
2018.12.10 15:59:34.586 [main] INFO [org.springframework.web.servlet.handler.AbstractHandlerMethodMapping$MappingRegistry.register:549] - Mapped "{[/user/login]}" onto public java.lang.String com.sakura.ofm.controller.UserController.login(java.lang.String,java.lang.String,java.lang.String,javax.servlet.http.HttpServletResponse)
2018.12.10 15:59:34.589 [main] INFO [org.springframework.web.servlet.handler.AbstractHandlerMethodMapping$MappingRegistry.register:549] - Mapped "{[/error]}" onto public org.springframework.http.ResponseEntity<java.util.Map<java.lang.String, java.lang.Object>> org.springframework.boot.autoconfigure.web.servlet.error.BasicErrorController.error(javax.servlet.http.HttpServletRequest)
2018.12.10 15:59:34.589 [main] INFO [org.springframework.web.servlet.handler.AbstractHandlerMethodMapping$MappingRegistry.register:549] - Mapped "{[/error],produces=[text/html]}" onto public org.springframework.web.servlet.ModelAndView org.springframework.boot.autoconfigure.web.servlet.error.BasicErrorController.errorHtml(javax.servlet.http.HttpServletRequest,javax.servlet.http.HttpServletResponse)
2018.12.10 15:59:34.619 [main] INFO [org.springframework.web.servlet.handler.AbstractUrlHandlerMapping.registerHandler:373] - Mapped URL path [/webjars/**] onto handler of type [class org.springframework.web.servlet.resource.ResourceHttpRequestHandler]
2018.12.10 15:59:34.619 [main] INFO [org.springframework.web.servlet.handler.AbstractUrlHandlerMapping.registerHandler:373] - Mapped URL path [/**] onto handler of type [class org.springframework.web.servlet.resource.ResourceHttpRequestHandler]
2018.12.10 15:59:34.706 [main] WARN [org.thymeleaf.templatemode.TemplateMode.parse:150] - [THYMELEAF][main] Template Mode 'HTML5' is deprecated. Using Template Mode 'HTML' instead.
2018.12.10 15:59:34.771 [main] INFO [org.springframework.boot.autoconfigure.web.servlet.WelcomePageHandlerMapping.<init>:61] - Adding welcome page template: index
2018.12.10 15:59:35.970 [main] INFO [org.springframework.boot.StartupInfoLogger.logStarted:59] - Started RedisHelper in 10.737 seconds (JVM running for 12.908)
2018.12.10 15:59:36.250 [main] INFO [io.netty.util.internal.logging.Slf4JLogger.info:101] - Starting without optional epoll library
2018.12.10 15:59:36.251 [main] INFO [io.netty.util.internal.logging.Slf4JLogger.info:101] - Starting without optional kqueue library
2018.12.10 15:59:36.523 [Thread-3] INFO [org.springframework.context.support.AbstractApplicationContext.doClose:991] - Closing org.springframework.web.context.support.GenericWebApplicationContext@27adc16e: startup date [Mon Dec 10 15:59:25 CST 2018]; root of context hierarchy
2018.12.10 15:59:37.656 [Thread-3] INFO [org.springframework.orm.jpa.AbstractEntityManagerFactoryBean.destroy:597] - Closing JPA EntityManagerFactory for persistence unit 'default'
2018.12.10 15:59:37.658 [Thread-3] INFO [com.zaxxer.hikari.HikariDataSource.close:381] - HikariPool-1 - Shutdown initiated...
2018.12.10 15:59:37.665 [Thread-3] INFO [com.zaxxer.hikari.HikariDataSource.close:383] - HikariPool-1 - Shutdown completed.
