2019.01.16 13:45:46.435 [http-nio-80-exec-1] INFO [com.sakura.ofm.IpFilter$RequestIPFilter.doFilter:45] - 用户访问,IP :0:0:0:0:0:0:0:1;地址：/ofm/blog/article
2019.01.16 13:46:09.810 [http-nio-80-exec-7] INFO [com.sakura.ofm.IpFilter$RequestIPFilter.doFilter:45] - 用户访问,IP :0:0:0:0:0:0:0:1;地址：/ofm/resume
2019.01.16 13:46:09.833 [http-nio-80-exec-10] INFO [com.sakura.ofm.IpFilter$RequestIPFilter.doFilter:45] - 用户访问,IP :0:0:0:0:0:0:0:1;地址：/ofm/css/bootstrap.css
2019.01.16 13:46:09.846 [http-nio-80-exec-6] INFO [com.sakura.ofm.IpFilter$RequestIPFilter.doFilter:45] - 用户访问,IP :0:0:0:0:0:0:0:1;地址：/ofm/css/style.css
2019.01.16 13:46:09.846 [http-nio-80-exec-2] INFO [com.sakura.ofm.IpFilter$RequestIPFilter.doFilter:45] - 用户访问,IP :0:0:0:0:0:0:0:1;地址：/ofm/css/dashboard.css
2019.01.16 13:46:09.849 [http-nio-80-exec-5] INFO [com.sakura.ofm.IpFilter$RequestIPFilter.doFilter:45] - 用户访问,IP :0:0:0:0:0:0:0:1;地址：/ofm/css/popuo-box.css
2019.01.16 13:48:26.739 [http-nio-80-exec-10] INFO [com.sakura.ofm.IpFilter$RequestIPFilter.doFilter:45] - 用户访问,IP :0:0:0:0:0:0:0:1;地址：/ofm/
2019.01.16 13:48:26.903 [http-nio-80-exec-3] INFO [com.sakura.ofm.IpFilter$RequestIPFilter.doFilter:45] - 用户访问,IP :0:0:0:0:0:0:0:1;地址：/ofm/css/bootstrap.min.css
2019.01.16 13:48:26.910 [http-nio-80-exec-4] INFO [com.sakura.ofm.IpFilter$RequestIPFilter.doFilter:45] - 用户访问,IP :0:0:0:0:0:0:0:1;地址：/ofm/css/bootstrap-theme.min.css
2019.01.16 13:48:26.911 [http-nio-80-exec-6] INFO [com.sakura.ofm.IpFilter$RequestIPFilter.doFilter:45] - 用户访问,IP :0:0:0:0:0:0:0:1;地址：/ofm/css/fontAwesome.css
2019.01.16 13:48:26.912 [http-nio-80-exec-4] INFO [com.sakura.ofm.IpFilter$RequestIPFilter.doFilter:45] - 用户访问,IP :0:0:0:0:0:0:0:1;地址：/ofm/css/light-box.css
2019.01.16 13:48:26.936 [http-nio-80-exec-5] INFO [com.sakura.ofm.IpFilter$RequestIPFilter.doFilter:45] - 用户访问,IP :0:0:0:0:0:0:0:1;地址：/ofm/css/owl-carousel.css
2019.01.16 13:48:26.938 [http-nio-80-exec-5] INFO [com.sakura.ofm.IpFilter$RequestIPFilter.doFilter:45] - 用户访问,IP :0:0:0:0:0:0:0:1;地址：/ofm/css/templatemo-style.css
2019.01.16 13:48:36.777 [http-nio-80-exec-6] INFO [com.sakura.ofm.IpFilter$RequestIPFilter.doFilter:45] - 用户访问,IP :0:0:0:0:0:0:0:1;地址：/ofm/write
2019.01.16 13:48:46.106 [http-nio-80-exec-7] INFO [com.sakura.ofm.IpFilter$RequestIPFilter.doFilter:45] - 用户访问,IP :0:0:0:0:0:0:0:1;地址：/ofm/blog/saveblog
2019.01.16 13:48:46.288 [http-nio-80-exec-2] INFO [com.sakura.ofm.IpFilter$RequestIPFilter.doFilter:45] - 用户访问,IP :0:0:0:0:0:0:0:1;地址：/ofm/
2019.01.16 13:48:57.332 [http-nio-80-exec-1] INFO [com.sakura.ofm.IpFilter$RequestIPFilter.doFilter:45] - 用户访问,IP :0:0:0:0:0:0:0:1;地址：/ofm/blog/article
2019.01.16 13:49:16.577 [http-nio-80-exec-4] INFO [com.sakura.ofm.IpFilter$RequestIPFilter.doFilter:45] - 用户访问,IP :0:0:0:0:0:0:0:1;地址：/ofm/blog/article
2019.01.16 13:49:33.361 [http-nio-80-exec-7] INFO [com.sakura.ofm.IpFilter$RequestIPFilter.doFilter:45] - 用户访问,IP :0:0:0:0:0:0:0:1;地址：/ofm/write
2019.01.16 13:50:10.530 [http-nio-80-exec-10] INFO [com.sakura.ofm.IpFilter$RequestIPFilter.doFilter:45] - 用户访问,IP :0:0:0:0:0:0:0:1;地址：/ofm/blog/saveblog
2019.01.16 13:50:10.598 [http-nio-80-exec-1] INFO [com.sakura.ofm.IpFilter$RequestIPFilter.doFilter:45] - 用户访问,IP :0:0:0:0:0:0:0:1;地址：/ofm/
2019.01.16 13:50:12.493 [http-nio-80-exec-3] INFO [com.sakura.ofm.IpFilter$RequestIPFilter.doFilter:45] - 用户访问,IP :0:0:0:0:0:0:0:1;地址：/ofm/blog/article
2019.01.16 13:51:57.930 [Thread-62] INFO [org.springframework.scheduling.concurrent.ExecutorConfigurationSupport.shutdown:208] - Shutting down ExecutorService 'applicationTaskExecutor'
2019.01.16 13:51:57.931 [Thread-62] INFO [com.alibaba.druid.pool.DruidDataSource.close:1823] - {dataSource-8} closed
2019.01.16 13:51:58.203 [restartedMain] INFO [org.springframework.boot.StartupInfoLogger.logStarting:50] - Starting OfmApplication on iotcomm-001-PC with PID 5516 (D:\WorkSpeace\gitSpeace\SpringBootStudy\target\classes started by iotcomm-001 in D:\WorkSpeace\gitSpeace\SpringBootStudy)
2019.01.16 13:51:58.204 [restartedMain] INFO [org.springframework.boot.SpringApplication.logStartupProfileInfo:675] - No active profile set, falling back to default profiles: default
2019.01.16 13:51:58.484 [restartedMain] INFO [org.springframework.boot.web.embedded.tomcat.TomcatWebServer.initialize:90] - Tomcat initialized with port(s): 80 (http)
2019.01.16 13:51:58.485 [restartedMain] INFO [org.apache.juli.logging.DirectJDKLog.log:173] - Initializing ProtocolHandler ["http-nio-80"]
2019.01.16 13:51:58.485 [restartedMain] INFO [org.apache.juli.logging.DirectJDKLog.log:173] - Starting service [Tomcat]
2019.01.16 13:51:58.485 [restartedMain] INFO [org.apache.juli.logging.DirectJDKLog.log:173] - Starting Servlet engine: [Apache Tomcat/9.0.14]
2019.01.16 13:51:58.492 [restartedMain] INFO [org.apache.juli.logging.DirectJDKLog.log:173] - Initializing Spring embedded WebApplicationContext
2019.01.16 13:51:58.493 [restartedMain] INFO [org.springframework.boot.web.servlet.context.ServletWebServerApplicationContext.prepareWebApplicationContext:296] - Root WebApplicationContext: initialization completed in 286 ms
2019.01.16 13:51:58.523 [restartedMain] INFO [com.alibaba.druid.spring.boot.autoconfigure.DruidDataSourceAutoConfigure.dataSource:56] - Init DruidDataSource
2019.01.16 13:51:59.698 [restartedMain] INFO [com.alibaba.druid.pool.DruidDataSource.init:928] - {dataSource-9} inited
2019.01.16 13:51:59.790 [restartedMain] INFO [org.springframework.scheduling.concurrent.ExecutorConfigurationSupport.initialize:171] - Initializing ExecutorService 'applicationTaskExecutor'
2019.01.16 13:51:59.819 [restartedMain] WARN [org.thymeleaf.templatemode.TemplateMode.parse:150] - [THYMELEAF][restartedMain] Template Mode 'HTML5' is deprecated. Using Template Mode 'HTML' instead.
2019.01.16 13:51:59.825 [restartedMain] INFO [org.springframework.boot.autoconfigure.web.servlet.WelcomePageHandlerMapping.<init>:61] - Adding welcome page template: index
2019.01.16 13:51:59.857 [restartedMain] INFO [org.springframework.boot.devtools.autoconfigure.OptionalLiveReloadServer.startServer:57] - LiveReload server is running on port 35729
2019.01.16 13:51:59.878 [restartedMain] INFO [org.apache.juli.logging.DirectJDKLog.log:173] - Starting ProtocolHandler ["http-nio-80"]
2019.01.16 13:51:59.880 [restartedMain] INFO [org.springframework.boot.web.embedded.tomcat.TomcatWebServer.start:204] - Tomcat started on port(s): 80 (http) with context path '/ofm'
2019.01.16 13:51:59.881 [restartedMain] INFO [org.springframework.boot.StartupInfoLogger.logStarted:59] - Started OfmApplication in 1.713 seconds (JVM running for 7458.826)
2019.01.16 13:51:59.883 [restartedMain] INFO [org.springframework.boot.devtools.autoconfigure.ConditionEvaluationDeltaLoggingListener.onApplicationEvent:56] - Condition evaluation unchanged
2019.01.16 13:54:16.480 [Thread-68] INFO [org.springframework.scheduling.concurrent.ExecutorConfigurationSupport.shutdown:208] - Shutting down ExecutorService 'applicationTaskExecutor'
2019.01.16 13:54:16.482 [Thread-68] INFO [com.alibaba.druid.pool.DruidDataSource.close:1823] - {dataSource-9} closed
2019.01.16 13:54:16.707 [restartedMain] INFO [org.springframework.boot.StartupInfoLogger.logStarting:50] - Starting OfmApplication on iotcomm-001-PC with PID 5516 (D:\WorkSpeace\gitSpeace\SpringBootStudy\target\classes started by iotcomm-001 in D:\WorkSpeace\gitSpeace\SpringBootStudy)
2019.01.16 13:54:16.707 [restartedMain] INFO [org.springframework.boot.SpringApplication.logStartupProfileInfo:675] - No active profile set, falling back to default profiles: default
2019.01.16 13:54:16.952 [restartedMain] INFO [org.springframework.boot.web.embedded.tomcat.TomcatWebServer.initialize:90] - Tomcat initialized with port(s): 80 (http)
2019.01.16 13:54:16.952 [restartedMain] INFO [org.apache.juli.logging.DirectJDKLog.log:173] - Initializing ProtocolHandler ["http-nio-80"]
2019.01.16 13:54:16.953 [restartedMain] INFO [org.apache.juli.logging.DirectJDKLog.log:173] - Starting service [Tomcat]
2019.01.16 13:54:16.953 [restartedMain] INFO [org.apache.juli.logging.DirectJDKLog.log:173] - Starting Servlet engine: [Apache Tomcat/9.0.14]
2019.01.16 13:54:16.960 [restartedMain] INFO [org.apache.juli.logging.DirectJDKLog.log:173] - Initializing Spring embedded WebApplicationContext
2019.01.16 13:54:16.960 [restartedMain] INFO [org.springframework.boot.web.servlet.context.ServletWebServerApplicationContext.prepareWebApplicationContext:296] - Root WebApplicationContext: initialization completed in 250 ms
2019.01.16 13:54:16.985 [restartedMain] INFO [com.alibaba.druid.spring.boot.autoconfigure.DruidDataSourceAutoConfigure.dataSource:56] - Init DruidDataSource
2019.01.16 13:54:18.302 [restartedMain] INFO [com.alibaba.druid.pool.DruidDataSource.init:928] - {dataSource-10} inited
2019.01.16 13:54:18.411 [restartedMain] INFO [org.springframework.scheduling.concurrent.ExecutorConfigurationSupport.initialize:171] - Initializing ExecutorService 'applicationTaskExecutor'
2019.01.16 13:54:18.440 [restartedMain] WARN [org.thymeleaf.templatemode.TemplateMode.parse:150] - [THYMELEAF][restartedMain] Template Mode 'HTML5' is deprecated. Using Template Mode 'HTML' instead.
2019.01.16 13:54:18.445 [restartedMain] INFO [org.springframework.boot.autoconfigure.web.servlet.WelcomePageHandlerMapping.<init>:61] - Adding welcome page template: index
2019.01.16 13:54:18.468 [restartedMain] INFO [org.springframework.boot.devtools.autoconfigure.OptionalLiveReloadServer.startServer:57] - LiveReload server is running on port 35729
2019.01.16 13:54:18.489 [restartedMain] INFO [org.apache.juli.logging.DirectJDKLog.log:173] - Starting ProtocolHandler ["http-nio-80"]
2019.01.16 13:54:18.492 [restartedMain] INFO [org.springframework.boot.web.embedded.tomcat.TomcatWebServer.start:204] - Tomcat started on port(s): 80 (http) with context path '/ofm'
2019.01.16 13:54:18.493 [restartedMain] INFO [org.springframework.boot.StartupInfoLogger.logStarted:59] - Started OfmApplication in 1.817 seconds (JVM running for 7597.432)
2019.01.16 13:54:18.495 [restartedMain] INFO [org.springframework.boot.devtools.autoconfigure.ConditionEvaluationDeltaLoggingListener.onApplicationEvent:56] - Condition evaluation unchanged
2019.01.16 13:55:39.064 [http-nio-80-exec-1] INFO [org.apache.juli.logging.DirectJDKLog.log:173] - Initializing Spring DispatcherServlet 'dispatcherServlet'
2019.01.16 13:55:39.065 [http-nio-80-exec-1] INFO [org.springframework.web.servlet.FrameworkServlet.initServletBean:524] - Initializing Servlet 'dispatcherServlet'
2019.01.16 13:55:39.072 [http-nio-80-exec-1] INFO [org.springframework.web.servlet.FrameworkServlet.initServletBean:546] - Completed initialization in 7 ms
2019.01.16 13:55:39.074 [http-nio-80-exec-1] INFO [com.sakura.ofm.IpFilter$RequestIPFilter.doFilter:46] - 用户访问,IP :0:0:0:0:0:0:0:1;地址：/ofm/
2019.01.16 13:58:36.854 [restartedMain] INFO [org.springframework.boot.StartupInfoLogger.logStarting:50] - Starting OfmApplication on iotcomm-001-PC with PID 3928 (D:\WorkSpeace\gitSpeace\of-me\target\classes started by iotcomm-001 in D:\WorkSpeace\gitSpeace\of-me)
2019.01.16 13:58:36.856 [restartedMain] INFO [org.springframework.boot.SpringApplication.logStartupProfileInfo:675] - No active profile set, falling back to default profiles: default
2019.01.16 13:58:36.891 [restartedMain] INFO [org.springframework.boot.logging.DeferredLog.logTo:227] - Devtools property defaults active! Set 'spring.devtools.add-properties' to 'false' to disable
2019.01.16 13:58:36.891 [restartedMain] INFO [org.springframework.boot.logging.DeferredLog.logTo:227] - For additional web related logging consider setting the 'logging.level.web' property to 'DEBUG'
2019.01.16 13:58:37.877 [restartedMain] INFO [org.springframework.boot.web.embedded.tomcat.TomcatWebServer.initialize:90] - Tomcat initialized with port(s): 80 (http)
2019.01.16 13:58:37.889 [restartedMain] INFO [org.apache.juli.logging.DirectJDKLog.log:173] - Initializing ProtocolHandler ["http-nio-80"]
2019.01.16 13:58:37.897 [restartedMain] INFO [org.apache.juli.logging.DirectJDKLog.log:173] - Starting service [Tomcat]
2019.01.16 13:58:37.898 [restartedMain] INFO [org.apache.juli.logging.DirectJDKLog.log:173] - Starting Servlet engine: [Apache Tomcat/9.0.14]
2019.01.16 13:58:37.906 [restartedMain] INFO [org.apache.juli.logging.DirectJDKLog.log:173] - The APR based Apache Tomcat Native library which allows optimal performance in production environments was not found on the java.library.path: [C:\Program Files\Java\jdk1.8.0_60\bin;C:\Windows\Sun\Java\bin;C:\Windows\system32;C:\Windows;C:\Program Files (x86)\Common Files\NetSarang;C:\Program Files\Java\jdk1.8.0_60\bin;C:\ProgramData\Oracle\Java\javapath;C:\Windows\system32;C:\Windows;C:\Windows\System32\Wbem;C:\Windows\System32\WindowsPowerShell\v1.0\;D:\install\maven-3.3.9\bin;E:\sonarqube\sonar-scanner-2.8\bin;D:\install\nexus-2.14\nexus-2.14.3-02\bin;%ERLANG_HOME%\bin;D:\install\RabbitMQ Server\rabbitmq_server-3.6.9\sbin;C:\Android;C:\Windows\System32;C:\Program Files\Git\cmd;C:\Program Files\nodejs\;D:\install\TortoiseSVN\bin;C:\Users\iotcomm-001\AppData\Roaming\npm;.]
2019.01.16 13:58:38.013 [restartedMain] INFO [org.apache.juli.logging.DirectJDKLog.log:173] - Initializing Spring embedded WebApplicationContext
2019.01.16 13:58:38.013 [restartedMain] INFO [org.springframework.boot.web.servlet.context.ServletWebServerApplicationContext.prepareWebApplicationContext:296] - Root WebApplicationContext: initialization completed in 1122 ms
2019.01.16 13:58:38.120 [restartedMain] INFO [com.alibaba.druid.spring.boot.autoconfigure.DruidDataSourceAutoConfigure.dataSource:56] - Init DruidDataSource
2019.01.16 13:58:39.305 [restartedMain] INFO [com.alibaba.druid.pool.DruidDataSource.init:928] - {dataSource-1} inited
2019.01.16 13:58:39.604 [restartedMain] INFO [org.springframework.scheduling.concurrent.ExecutorConfigurationSupport.initialize:171] - Initializing ExecutorService 'applicationTaskExecutor'
2019.01.16 13:58:39.705 [restartedMain] WARN [org.thymeleaf.templatemode.TemplateMode.parse:150] - [THYMELEAF][restartedMain] Template Mode 'HTML5' is deprecated. Using Template Mode 'HTML' instead.
2019.01.16 13:58:39.727 [restartedMain] INFO [org.springframework.boot.autoconfigure.web.servlet.WelcomePageHandlerMapping.<init>:61] - Adding welcome page template: index
2019.01.16 13:58:39.802 [restartedMain] INFO [org.springframework.boot.devtools.autoconfigure.OptionalLiveReloadServer.startServer:57] - LiveReload server is running on port 35729
2019.01.16 13:58:39.837 [restartedMain] INFO [org.apache.juli.logging.DirectJDKLog.log:173] - Starting ProtocolHandler ["http-nio-80"]
2019.01.16 13:58:39.855 [restartedMain] INFO [org.springframework.boot.web.embedded.tomcat.TomcatWebServer.start:204] - Tomcat started on port(s): 80 (http) with context path '/ofm'
2019.01.16 13:58:39.858 [restartedMain] INFO [org.springframework.boot.StartupInfoLogger.logStarted:59] - Started OfmApplication in 3.293 seconds (JVM running for 4.11)
2019.01.16 14:01:08.350 [http-nio-80-exec-1] INFO [org.apache.juli.logging.DirectJDKLog.log:173] - Initializing Spring DispatcherServlet 'dispatcherServlet'
2019.01.16 14:01:08.351 [http-nio-80-exec-1] INFO [org.springframework.web.servlet.FrameworkServlet.initServletBean:524] - Initializing Servlet 'dispatcherServlet'
2019.01.16 14:01:08.358 [http-nio-80-exec-1] INFO [org.springframework.web.servlet.FrameworkServlet.initServletBean:546] - Completed initialization in 7 ms
2019.01.16 14:01:08.364 [http-nio-80-exec-1] INFO [com.sakura.ofm.IpFilter$RequestIPFilter.doFilter:46] - 用户访问,IP :0:0:0:0:0:0:0:1;地址：/ofm/
2019.01.16 14:01:08.899 [http-nio-80-exec-2] INFO [com.sakura.ofm.IpFilter$RequestIPFilter.doFilter:46] - 用户访问,IP :0:0:0:0:0:0:0:1;地址：/ofm/css/bootstrap.min.css
2019.01.16 14:01:08.909 [http-nio-80-exec-3] INFO [com.sakura.ofm.IpFilter$RequestIPFilter.doFilter:46] - 用户访问,IP :0:0:0:0:0:0:0:1;地址：/ofm/css/bootstrap-theme.min.css
2019.01.16 14:01:08.910 [http-nio-80-exec-4] INFO [com.sakura.ofm.IpFilter$RequestIPFilter.doFilter:46] - 用户访问,IP :0:0:0:0:0:0:0:1;地址：/ofm/css/fontAwesome.css
2019.01.16 14:01:08.914 [http-nio-80-exec-5] INFO [com.sakura.ofm.IpFilter$RequestIPFilter.doFilter:46] - 用户访问,IP :0:0:0:0:0:0:0:1;地址：/ofm/css/owl-carousel.css
2019.01.16 14:01:08.917 [http-nio-80-exec-6] INFO [com.sakura.ofm.IpFilter$RequestIPFilter.doFilter:46] - 用户访问,IP :0:0:0:0:0:0:0:1;地址：/ofm/css/light-box.css
2019.01.16 14:01:08.918 [http-nio-80-exec-7] INFO [com.sakura.ofm.IpFilter$RequestIPFilter.doFilter:46] - 用户访问,IP :0:0:0:0:0:0:0:1;地址：/ofm/css/templatemo-style.css
2019.01.16 14:04:22.176 [Thread-13] INFO [org.springframework.scheduling.concurrent.ExecutorConfigurationSupport.shutdown:208] - Shutting down ExecutorService 'applicationTaskExecutor'
2019.01.16 14:04:22.180 [Thread-13] INFO [com.alibaba.druid.pool.DruidDataSource.close:1823] - {dataSource-1} closed
2019.01.16 14:04:22.425 [restartedMain] INFO [org.springframework.boot.StartupInfoLogger.logStarting:50] - Starting OfmApplication on iotcomm-001-PC with PID 3928 (D:\WorkSpeace\gitSpeace\of-me\target\classes started by iotcomm-001 in D:\WorkSpeace\gitSpeace\of-me)
2019.01.16 14:04:22.425 [restartedMain] INFO [org.springframework.boot.SpringApplication.logStartupProfileInfo:675] - No active profile set, falling back to default profiles: default
2019.01.16 14:04:22.686 [restartedMain] INFO [org.springframework.boot.web.embedded.tomcat.TomcatWebServer.initialize:90] - Tomcat initialized with port(s): 80 (http)
2019.01.16 14:04:22.687 [restartedMain] INFO [org.apache.juli.logging.DirectJDKLog.log:173] - Initializing ProtocolHandler ["http-nio-80"]
2019.01.16 14:04:22.687 [restartedMain] INFO [org.apache.juli.logging.DirectJDKLog.log:173] - Starting service [Tomcat]
2019.01.16 14:04:22.688 [restartedMain] INFO [org.apache.juli.logging.DirectJDKLog.log:173] - Starting Servlet engine: [Apache Tomcat/9.0.14]
2019.01.16 14:04:22.712 [restartedMain] INFO [org.apache.juli.logging.DirectJDKLog.log:173] - Initializing Spring embedded WebApplicationContext
2019.01.16 14:04:22.712 [restartedMain] INFO [org.springframework.boot.web.servlet.context.ServletWebServerApplicationContext.prepareWebApplicationContext:296] - Root WebApplicationContext: initialization completed in 285 ms
2019.01.16 14:04:22.743 [restartedMain] INFO [com.alibaba.druid.spring.boot.autoconfigure.DruidDataSourceAutoConfigure.dataSource:56] - Init DruidDataSource
2019.01.16 14:04:28.071 [restartedMain] INFO [com.alibaba.druid.pool.DruidDataSource.init:928] - {dataSource-2} inited
2019.01.16 14:04:28.177 [restartedMain] INFO [org.springframework.scheduling.concurrent.ExecutorConfigurationSupport.initialize:171] - Initializing ExecutorService 'applicationTaskExecutor'
2019.01.16 14:04:28.207 [restartedMain] WARN [org.thymeleaf.templatemode.TemplateMode.parse:150] - [THYMELEAF][restartedMain] Template Mode 'HTML5' is deprecated. Using Template Mode 'HTML' instead.
2019.01.16 14:04:28.212 [restartedMain] INFO [org.springframework.boot.autoconfigure.web.servlet.WelcomePageHandlerMapping.<init>:61] - Adding welcome page template: index
2019.01.16 14:04:28.241 [restartedMain] INFO [org.springframework.boot.devtools.autoconfigure.OptionalLiveReloadServer.startServer:57] - LiveReload server is running on port 35729
2019.01.16 14:04:28.263 [restartedMain] INFO [org.apache.juli.logging.DirectJDKLog.log:173] - Starting ProtocolHandler ["http-nio-80"]
2019.01.16 14:04:28.267 [restartedMain] INFO [org.springframework.boot.web.embedded.tomcat.TomcatWebServer.start:204] - Tomcat started on port(s): 80 (http) with context path '/ofm'
2019.01.16 14:04:28.268 [restartedMain] INFO [org.springframework.boot.StartupInfoLogger.logStarted:59] - Started OfmApplication in 5.876 seconds (JVM running for 352.502)
2019.01.16 14:04:28.272 [restartedMain] INFO [org.springframework.boot.devtools.autoconfigure.ConditionEvaluationDeltaLoggingListener.onApplicationEvent:56] - Condition evaluation unchanged
2019.01.16 14:04:28.458 [http-nio-80-exec-1] INFO [org.apache.juli.logging.DirectJDKLog.log:173] - Initializing Spring DispatcherServlet 'dispatcherServlet'
2019.01.16 14:04:28.458 [http-nio-80-exec-1] INFO [org.springframework.web.servlet.FrameworkServlet.initServletBean:524] - Initializing Servlet 'dispatcherServlet'
2019.01.16 14:04:28.473 [http-nio-80-exec-1] INFO [org.springframework.web.servlet.FrameworkServlet.initServletBean:546] - Completed initialization in 15 ms
2019.01.16 14:05:26.428 [Thread-21] INFO [org.springframework.scheduling.concurrent.ExecutorConfigurationSupport.shutdown:208] - Shutting down ExecutorService 'applicationTaskExecutor'
2019.01.16 14:05:26.433 [Thread-21] INFO [com.alibaba.druid.pool.DruidDataSource.close:1823] - {dataSource-2} closed
2019.01.16 14:05:26.771 [restartedMain] INFO [org.springframework.boot.StartupInfoLogger.logStarting:50] - Starting OfmApplication on iotcomm-001-PC with PID 3928 (D:\WorkSpeace\gitSpeace\of-me\target\classes started by iotcomm-001 in D:\WorkSpeace\gitSpeace\of-me)
2019.01.16 14:05:26.772 [restartedMain] INFO [org.springframework.boot.SpringApplication.logStartupProfileInfo:675] - No active profile set, falling back to default profiles: default
2019.01.16 14:05:27.044 [restartedMain] INFO [org.springframework.boot.web.embedded.tomcat.TomcatWebServer.initialize:90] - Tomcat initialized with port(s): 80 (http)
2019.01.16 14:05:27.044 [restartedMain] INFO [org.apache.juli.logging.DirectJDKLog.log:173] - Initializing ProtocolHandler ["http-nio-80"]
2019.01.16 14:05:27.044 [restartedMain] INFO [org.apache.juli.logging.DirectJDKLog.log:173] - Starting service [Tomcat]
2019.01.16 14:05:27.045 [restartedMain] INFO [org.apache.juli.logging.DirectJDKLog.log:173] - Starting Servlet engine: [Apache Tomcat/9.0.14]
2019.01.16 14:05:27.064 [restartedMain] INFO [org.apache.juli.logging.DirectJDKLog.log:173] - Initializing Spring embedded WebApplicationContext
2019.01.16 14:05:27.064 [restartedMain] INFO [org.springframework.boot.web.servlet.context.ServletWebServerApplicationContext.prepareWebApplicationContext:296] - Root WebApplicationContext: initialization completed in 290 ms
2019.01.16 14:05:27.095 [restartedMain] INFO [com.alibaba.druid.spring.boot.autoconfigure.DruidDataSourceAutoConfigure.dataSource:56] - Init DruidDataSource
2019.01.16 14:05:28.191 [restartedMain] INFO [com.alibaba.druid.pool.DruidDataSource.init:928] - {dataSource-3} inited
2019.01.16 14:05:28.282 [restartedMain] INFO [org.springframework.scheduling.concurrent.ExecutorConfigurationSupport.initialize:171] - Initializing ExecutorService 'applicationTaskExecutor'
2019.01.16 14:05:28.317 [restartedMain] WARN [org.thymeleaf.templatemode.TemplateMode.parse:150] - [THYMELEAF][restartedMain] Template Mode 'HTML5' is deprecated. Using Template Mode 'HTML' instead.
2019.01.16 14:05:28.323 [restartedMain] INFO [org.springframework.boot.autoconfigure.web.servlet.WelcomePageHandlerMapping.<init>:61] - Adding welcome page template: index
2019.01.16 14:05:28.354 [restartedMain] INFO [org.springframework.boot.devtools.autoconfigure.OptionalLiveReloadServer.startServer:57] - LiveReload server is running on port 35729
2019.01.16 14:05:28.375 [restartedMain] INFO [org.apache.juli.logging.DirectJDKLog.log:173] - Starting ProtocolHandler ["http-nio-80"]
2019.01.16 14:05:28.378 [restartedMain] INFO [org.springframework.boot.web.embedded.tomcat.TomcatWebServer.start:204] - Tomcat started on port(s): 80 (http) with context path '/ofm'
2019.01.16 14:05:28.378 [restartedMain] INFO [org.springframework.boot.StartupInfoLogger.logStarted:59] - Started OfmApplication in 1.639 seconds (JVM running for 412.609)
2019.01.16 14:05:28.379 [restartedMain] INFO [org.springframework.boot.devtools.autoconfigure.ConditionEvaluationDeltaLoggingListener.onApplicationEvent:56] - Condition evaluation unchanged
2019.01.16 14:14:51.457 [Thread-27] INFO [org.springframework.scheduling.concurrent.ExecutorConfigurationSupport.shutdown:208] - Shutting down ExecutorService 'applicationTaskExecutor'
2019.01.16 14:14:51.462 [Thread-27] INFO [com.alibaba.druid.pool.DruidDataSource.close:1823] - {dataSource-3} closed
2019.01.16 14:14:51.684 [restartedMain] INFO [org.springframework.boot.StartupInfoLogger.logStarting:50] - Starting OfmApplication on iotcomm-001-PC with PID 3928 (D:\WorkSpeace\gitSpeace\of-me\target\classes started by iotcomm-001 in D:\WorkSpeace\gitSpeace\of-me)
2019.01.16 14:14:51.684 [restartedMain] INFO [org.springframework.boot.SpringApplication.logStartupProfileInfo:675] - No active profile set, falling back to default profiles: default
2019.01.16 14:14:51.919 [restartedMain] INFO [org.springframework.boot.web.embedded.tomcat.TomcatWebServer.initialize:90] - Tomcat initialized with port(s): 80 (http)
2019.01.16 14:14:51.919 [restartedMain] INFO [org.apache.juli.logging.DirectJDKLog.log:173] - Initializing ProtocolHandler ["http-nio-80"]
2019.01.16 14:14:51.920 [restartedMain] INFO [org.apache.juli.logging.DirectJDKLog.log:173] - Starting service [Tomcat]
2019.01.16 14:14:51.920 [restartedMain] INFO [org.apache.juli.logging.DirectJDKLog.log:173] - Starting Servlet engine: [Apache Tomcat/9.0.14]
2019.01.16 14:14:51.945 [restartedMain] INFO [org.apache.juli.logging.DirectJDKLog.log:173] - Initializing Spring embedded WebApplicationContext
2019.01.16 14:14:51.945 [restartedMain] INFO [org.springframework.boot.web.servlet.context.ServletWebServerApplicationContext.prepareWebApplicationContext:296] - Root WebApplicationContext: initialization completed in 259 ms
2019.01.16 14:14:51.974 [restartedMain] INFO [com.alibaba.druid.spring.boot.autoconfigure.DruidDataSourceAutoConfigure.dataSource:56] - Init DruidDataSource
2019.01.16 14:14:53.342 [restartedMain] INFO [com.alibaba.druid.pool.DruidDataSource.init:928] - {dataSource-4} inited
2019.01.16 14:14:53.435 [restartedMain] INFO [org.springframework.scheduling.concurrent.ExecutorConfigurationSupport.initialize:171] - Initializing ExecutorService 'applicationTaskExecutor'
2019.01.16 14:14:53.466 [restartedMain] WARN [org.thymeleaf.templatemode.TemplateMode.parse:150] - [THYMELEAF][restartedMain] Template Mode 'HTML5' is deprecated. Using Template Mode 'HTML' instead.
2019.01.16 14:14:53.474 [restartedMain] INFO [org.springframework.boot.autoconfigure.web.servlet.WelcomePageHandlerMapping.<init>:61] - Adding welcome page template: index
2019.01.16 14:14:53.500 [restartedMain] INFO [org.springframework.boot.devtools.autoconfigure.OptionalLiveReloadServer.startServer:57] - LiveReload server is running on port 35729
2019.01.16 14:14:53.524 [restartedMain] INFO [org.apache.juli.logging.DirectJDKLog.log:173] - Starting ProtocolHandler ["http-nio-80"]
2019.01.16 14:14:53.527 [restartedMain] INFO [org.springframework.boot.web.embedded.tomcat.TomcatWebServer.start:204] - Tomcat started on port(s): 80 (http) with context path '/ofm'
2019.01.16 14:14:53.527 [restartedMain] INFO [org.springframework.boot.StartupInfoLogger.logStarted:59] - Started OfmApplication in 1.872 seconds (JVM running for 977.729)
2019.01.16 14:14:53.530 [restartedMain] INFO [org.springframework.boot.devtools.autoconfigure.ConditionEvaluationDeltaLoggingListener.onApplicationEvent:56] - Condition evaluation unchanged
