2019.01.16 17:11:05.953 [restartedMain] INFO [org.springframework.boot.StartupInfoLogger.logStarting:50] - Starting OfmApplication on iotcomm-001-PC with PID 6768 (D:\WorkSpeace\gitSpeace\of-me\target\classes started by iotcomm-001 in D:\WorkSpeace\gitSpeace\of-me)
2019.01.16 17:11:05.977 [restartedMain] INFO [org.springframework.boot.SpringApplication.logStartupProfileInfo:675] - No active profile set, falling back to default profiles: default
2019.01.16 17:11:06.150 [restartedMain] INFO [org.springframework.boot.logging.DeferredLog.logTo:227] - Devtools property defaults active! Set 'spring.devtools.add-properties' to 'false' to disable
2019.01.16 17:11:06.151 [restartedMain] INFO [org.springframework.boot.logging.DeferredLog.logTo:227] - For additional web related logging consider setting the 'logging.level.web' property to 'DEBUG'
2019.01.16 17:11:09.363 [restartedMain] INFO [org.springframework.boot.web.embedded.tomcat.TomcatWebServer.initialize:90] - Tomcat initialized with port(s): 80 (http)
2019.01.16 17:11:09.427 [restartedMain] INFO [org.apache.juli.logging.DirectJDKLog.log:173] - Initializing ProtocolHandler ["http-nio-80"]
2019.01.16 17:11:09.461 [restartedMain] INFO [org.apache.juli.logging.DirectJDKLog.log:173] - Starting service [Tomcat]
2019.01.16 17:11:09.463 [restartedMain] INFO [org.apache.juli.logging.DirectJDKLog.log:173] - Starting Servlet engine: [Apache Tomcat/9.0.14]
2019.01.16 17:11:09.507 [restartedMain] INFO [org.apache.juli.logging.DirectJDKLog.log:173] - The APR based Apache Tomcat Native library which allows optimal performance in production environments was not found on the java.library.path: [C:\Program Files\Java\jdk1.8.0_60\bin;C:\Windows\Sun\Java\bin;C:\Windows\system32;C:\Windows;C:\Program Files (x86)\Common Files\NetSarang;C:\Program Files\Java\jdk1.8.0_60\bin;C:\ProgramData\Oracle\Java\javapath;C:\Windows\system32;C:\Windows;C:\Windows\System32\Wbem;C:\Windows\System32\WindowsPowerShell\v1.0\;D:\install\maven-3.3.9\bin;E:\sonarqube\sonar-scanner-2.8\bin;D:\install\nexus-2.14\nexus-2.14.3-02\bin;%ERLANG_HOME%\bin;D:\install\RabbitMQ Server\rabbitmq_server-3.6.9\sbin;C:\Android;C:\Windows\System32;C:\Program Files\Git\cmd;C:\Program Files\nodejs\;D:\install\TortoiseSVN\bin;C:\Users\iotcomm-001\AppData\Roaming\npm;.]
2019.01.16 17:11:09.916 [restartedMain] INFO [org.apache.juli.logging.DirectJDKLog.log:173] - Initializing Spring embedded WebApplicationContext
2019.01.16 17:11:09.917 [restartedMain] INFO [org.springframework.boot.web.servlet.context.ServletWebServerApplicationContext.prepareWebApplicationContext:296] - Root WebApplicationContext: initialization completed in 3766 ms
2019.01.16 17:11:10.273 [restartedMain] INFO [com.alibaba.druid.spring.boot.autoconfigure.DruidDataSourceAutoConfigure.dataSource:56] - Init DruidDataSource
2019.01.16 17:11:14.418 [restartedMain] INFO [com.alibaba.druid.pool.DruidDataSource.init:928] - {dataSource-1} inited
2019.01.16 17:11:15.259 [restartedMain] INFO [org.springframework.scheduling.concurrent.ExecutorConfigurationSupport.initialize:171] - Initializing ExecutorService 'applicationTaskExecutor'
2019.01.16 17:11:15.463 [restartedMain] WARN [org.thymeleaf.templatemode.TemplateMode.parse:150] - [THYMELEAF][restartedMain] Template Mode 'HTML5' is deprecated. Using Template Mode 'HTML' instead.
2019.01.16 17:11:15.552 [restartedMain] INFO [org.springframework.boot.autoconfigure.web.servlet.WelcomePageHandlerMapping.<init>:61] - Adding welcome page template: index
2019.01.16 17:11:15.882 [restartedMain] INFO [org.springframework.boot.devtools.autoconfigure.OptionalLiveReloadServer.startServer:57] - LiveReload server is running on port 35729
2019.01.16 17:11:15.934 [restartedMain] INFO [org.apache.juli.logging.DirectJDKLog.log:173] - Starting ProtocolHandler ["http-nio-80"]
2019.01.16 17:11:15.975 [restartedMain] INFO [org.springframework.boot.web.embedded.tomcat.TomcatWebServer.start:204] - Tomcat started on port(s): 80 (http) with context path '/ofm'
2019.01.16 17:11:15.977 [restartedMain] INFO [org.springframework.boot.StartupInfoLogger.logStarted:59] - Started OfmApplication in 11.319 seconds (JVM running for 13.493)
2019.01.16 17:11:36.614 [http-nio-80-exec-3] INFO [org.apache.juli.logging.DirectJDKLog.log:173] - Initializing Spring DispatcherServlet 'dispatcherServlet'
2019.01.16 17:11:36.614 [http-nio-80-exec-3] INFO [org.springframework.web.servlet.FrameworkServlet.initServletBean:524] - Initializing Servlet 'dispatcherServlet'
2019.01.16 17:11:36.646 [http-nio-80-exec-3] INFO [org.springframework.web.servlet.FrameworkServlet.initServletBean:546] - Completed initialization in 32 ms
2019.01.16 17:11:38.171 [http-nio-80-exec-3] INFO [com.sakura.ofm.IpFilter$RequestIPFilter.doFilter:46] - 用户访问,IP :0:0:0:0:0:0:0:1;地址：/ofm/
2019.01.16 17:11:43.075 [http-nio-80-exec-8] INFO [com.sakura.ofm.IpFilter$RequestIPFilter.doFilter:46] - 用户访问,IP :0:0:0:0:0:0:0:1;地址：/ofm/css/templatemo-style.css
2019.01.16 17:11:43.075 [http-nio-80-exec-5] INFO [com.sakura.ofm.IpFilter$RequestIPFilter.doFilter:46] - 用户访问,IP :0:0:0:0:0:0:0:1;地址：/ofm/css/fontAwesome.css
2019.01.16 17:11:43.079 [http-nio-80-exec-4] INFO [com.sakura.ofm.IpFilter$RequestIPFilter.doFilter:46] - 用户访问,IP :0:0:0:0:0:0:0:1;地址：/ofm/css/bootstrap.min.css
2019.01.16 17:11:43.082 [http-nio-80-exec-7] INFO [com.sakura.ofm.IpFilter$RequestIPFilter.doFilter:46] - 用户访问,IP :0:0:0:0:0:0:0:1;地址：/ofm/css/light-box.css
2019.01.16 17:11:43.084 [http-nio-80-exec-6] INFO [com.sakura.ofm.IpFilter$RequestIPFilter.doFilter:46] - 用户访问,IP :0:0:0:0:0:0:0:1;地址：/ofm/css/owl-carousel.css
2019.01.16 17:11:45.018 [http-nio-80-exec-9] INFO [com.sakura.ofm.IpFilter$RequestIPFilter.doFilter:46] - 用户访问,IP :0:0:0:0:0:0:0:1;地址：/ofm/css/bootstrap-theme.min.css
2019.01.16 17:12:49.407 [Thread-30] INFO [org.springframework.scheduling.concurrent.ExecutorConfigurationSupport.shutdown:208] - Shutting down ExecutorService 'applicationTaskExecutor'
2019.01.16 17:12:49.412 [Thread-30] INFO [com.alibaba.druid.pool.DruidDataSource.close:1823] - {dataSource-1} closed
2019.01.16 17:12:49.627 [restartedMain] INFO [org.springframework.boot.StartupInfoLogger.logStarting:50] - Starting OfmApplication on iotcomm-001-PC with PID 6768 (D:\WorkSpeace\gitSpeace\of-me\target\classes started by iotcomm-001 in D:\WorkSpeace\gitSpeace\of-me)
2019.01.16 17:12:49.628 [restartedMain] INFO [org.springframework.boot.SpringApplication.logStartupProfileInfo:675] - No active profile set, falling back to default profiles: default
2019.01.16 17:12:49.899 [restartedMain] INFO [org.springframework.boot.web.embedded.tomcat.TomcatWebServer.initialize:90] - Tomcat initialized with port(s): 80 (http)
2019.01.16 17:12:49.900 [restartedMain] INFO [org.apache.juli.logging.DirectJDKLog.log:173] - Initializing ProtocolHandler ["http-nio-80"]
2019.01.16 17:12:49.900 [restartedMain] INFO [org.apache.juli.logging.DirectJDKLog.log:173] - Starting service [Tomcat]
2019.01.16 17:12:49.901 [restartedMain] INFO [org.apache.juli.logging.DirectJDKLog.log:173] - Starting Servlet engine: [Apache Tomcat/9.0.14]
2019.01.16 17:12:49.919 [restartedMain] INFO [org.apache.juli.logging.DirectJDKLog.log:173] - Initializing Spring embedded WebApplicationContext
2019.01.16 17:12:49.920 [restartedMain] INFO [org.springframework.boot.web.servlet.context.ServletWebServerApplicationContext.prepareWebApplicationContext:296] - Root WebApplicationContext: initialization completed in 289 ms
2019.01.16 17:12:49.950 [restartedMain] INFO [com.alibaba.druid.spring.boot.autoconfigure.DruidDataSourceAutoConfigure.dataSource:56] - Init DruidDataSource
2019.01.16 17:12:51.000 [restartedMain] INFO [com.alibaba.druid.pool.DruidDataSource.init:928] - {dataSource-2} inited
2019.01.16 17:12:51.094 [restartedMain] INFO [org.springframework.scheduling.concurrent.ExecutorConfigurationSupport.initialize:171] - Initializing ExecutorService 'applicationTaskExecutor'
2019.01.16 17:12:51.130 [restartedMain] WARN [org.thymeleaf.templatemode.TemplateMode.parse:150] - [THYMELEAF][restartedMain] Template Mode 'HTML5' is deprecated. Using Template Mode 'HTML' instead.
2019.01.16 17:12:51.137 [restartedMain] INFO [org.springframework.boot.autoconfigure.web.servlet.WelcomePageHandlerMapping.<init>:61] - Adding welcome page template: index
2019.01.16 17:12:51.193 [restartedMain] INFO [org.springframework.boot.devtools.autoconfigure.OptionalLiveReloadServer.startServer:57] - LiveReload server is running on port 35729
2019.01.16 17:12:51.251 [restartedMain] INFO [org.apache.juli.logging.DirectJDKLog.log:173] - Starting ProtocolHandler ["http-nio-80"]
2019.01.16 17:12:51.254 [restartedMain] INFO [org.springframework.boot.web.embedded.tomcat.TomcatWebServer.start:204] - Tomcat started on port(s): 80 (http) with context path '/ofm'
2019.01.16 17:12:51.255 [restartedMain] INFO [org.springframework.boot.StartupInfoLogger.logStarted:59] - Started OfmApplication in 1.664 seconds (JVM running for 108.766)
2019.01.16 17:12:51.257 [restartedMain] INFO [org.springframework.boot.devtools.autoconfigure.ConditionEvaluationDeltaLoggingListener.onApplicationEvent:56] - Condition evaluation unchanged
2019.01.16 17:12:54.372 [http-nio-80-exec-1] INFO [org.apache.juli.logging.DirectJDKLog.log:173] - Initializing Spring DispatcherServlet 'dispatcherServlet'
2019.01.16 17:12:54.372 [http-nio-80-exec-1] INFO [org.springframework.web.servlet.FrameworkServlet.initServletBean:524] - Initializing Servlet 'dispatcherServlet'
2019.01.16 17:12:54.376 [http-nio-80-exec-1] INFO [org.springframework.web.servlet.FrameworkServlet.initServletBean:546] - Completed initialization in 4 ms
2019.01.16 17:12:54.377 [http-nio-80-exec-1] INFO [com.sakura.ofm.IpFilter$RequestIPFilter.doFilter:46] - 用户访问,IP :0:0:0:0:0:0:0:1;地址：/ofm/
2019.01.16 17:18:16.307 [http-nio-80-exec-5] INFO [com.sakura.ofm.IpFilter$RequestIPFilter.doFilter:46] - 用户访问,IP :0:0:0:0:0:0:0:1;地址：/ofm/resume
2019.01.16 17:18:29.416 [http-nio-80-exec-7] INFO [com.sakura.ofm.IpFilter$RequestIPFilter.doFilter:46] - 用户访问,IP :0:0:0:0:0:0:0:1;地址：/ofm/resume
2019.01.16 17:31:16.875 [http-nio-80-exec-4] INFO [com.sakura.ofm.IpFilter$RequestIPFilter.doFilter:46] - 用户访问,IP :0:0:0:0:0:0:0:1;地址：/ofm/blog/article
